#
# A fatal error has been detected by the Java Runtime Environment:
#
#  EXCEPTION_ACCESS_VIOLATION (0xc0000005) at pc=0x00007ffe3144bd4c, pid=4044, tid=18020
#
# JRE version: OpenJDK Runtime Environment Zulu24.30+11-CA (24.0.1+9) (build 24.0.1+9)
# Java VM: OpenJDK 64-Bit Server VM Zulu24.30+11-CA (24.0.1+9, mixed mode, sharing, tiered, compressed oops, compressed class ptrs, g1 gc, windows-amd64)
# Problematic frame:
# C  [awt.dll+0xdbd4c]
#
# No core dump will be written. Minidumps are not enabled by default on client versions of Windows
#
# If you would like to submit a bug report, please visit:
#   http://www.azul.com/support/
# The crash happened outside the Java Virtual Machine in native code.
# See problematic frame for where to report the bug.
#

---------------  S U M M A R Y ------------

Command Line: br.com.escola.gui.TelaPrincipal

Host: Intel(R) Core(TM) i5-1035G1 CPU @ 1.00GHz, 8 cores, 7G,  Windows 11 , 64 bit Build 26100 (10.0.26100.4484)
Time: Sun Aug  3 11:18:00 2025 Hora Padrão de Buenos Aires elapsed time: 1041.675249 seconds (0d 0h 17m 21s)

---------------  T H R E A D  ---------------

Current thread (0x000001d95dfdf630):  JavaThread "AWT-Windows" daemon [_thread_in_native, id=18020, stack(0x0000003fd9e00000,0x0000003fd9f00000) (1024K)]

Stack: [0x0000003fd9e00000,0x0000003fd9f00000],  sp=0x0000003fd9efe760,  free space=1017k
Native frames: (J=compiled Java code, j=interpreted, Vv=VM code, C=native code)
C  [awt.dll+0xdbd4c]  (no source info available)
C  [awt.dll+0x978cb]  (no source info available)
C  [awt.dll+0x97916]  (no source info available)
C  [awt.dll+0x94cff]  (no source info available)
C  [awt.dll+0xdfddc]  (no source info available)
C  [awt.dll+0xb0d4d]  (no source info available)
C  [awt.dll+0x97e4d]  (no source info available)
C  [USER32.dll+0x181d6]  (no source info available)
C  [USER32.dll+0x17c9c]  (no source info available)
C  [awt.dll+0x16543]  (no source info available)
C  [COMCTL32.dll+0x23a08]  (no source info available)
C  [COMCTL32.dll+0x237df]  (no source info available)
C  [USER32.dll+0x181d6]  (no source info available)
C  [USER32.dll+0x15d2d]  (no source info available)
C  [awt.dll+0xd508e]  (no source info available)
C  [awt.dll+0xd6e82]  (no source info available)
C  0x000001d950c1cf20  (no source info available)

The last pc belongs to native method entry point (kind = native) (printed below).
Java frames: (J=compiled Java code, j=interpreted, Vv=VM code)
j  sun.awt.windows.WToolkit.eventLoop()V+0 java.desktop@24.0.1
j  sun.awt.windows.WToolkit.run()V+56 java.desktop@24.0.1
j  java.lang.Thread.runWith(Ljava/lang/Object;Ljava/lang/Runnable;)V+5 java.base@24.0.1
j  java.lang.Thread.run()V+19 java.base@24.0.1
v  ~StubRoutines::call_stub 0x000001d950c10fcd

siginfo: EXCEPTION_ACCESS_VIOLATION (0xc0000005), reading address 0x0000000000000004


Registers:
RAX=0x000001d95e5531e0, RBX=0x000001d9a47c17b0, RCX=0x0000000000000000, RDX=0x0000000000000000
RSP=0x0000003fd9efe760, RBP=0x0000003fd9efe869, RSI=0x000001d9a44d3730, RDI=0x0000000000000000
R8 =0x0000000000000001, R9 =0x0000003fd8472000, R10=0x0000000000000000, R11=0x0000000000000246
R12=0x0000000000000000, R13=0x0000000000000310, R14=0x0000000000000000, R15=0x0000000000000000
RIP=0x00007ffe3144bd4c, EFLAGS=0x0000000000010246

XMM[0]=0x0000000000000000 0x0000000000000000
XMM[1]=0x0000000000000000 0x0000000000000000
XMM[2]=0x0000000000000000 0x0000000000000000
XMM[3]=0x0000000000000000 0x0000000000000000
XMM[4]=0x0000000000000000 0x0000000000000000
XMM[5]=0x0000000000000000 0x0000000000000000
XMM[6]=0x0000000000000000 0x0000000000000000
XMM[7]=0x0000000000000000 0x0000000000000000
XMM[8]=0x0000000000000000 0x0000000000000000
XMM[9]=0x0000000000000000 0x0000000000000000
XMM[10]=0x0000000000000000 0x0000000000000000
XMM[11]=0x0000000000000000 0x0000000000000000
XMM[12]=0x0000000000000000 0x0000000000000000
XMM[13]=0x0000000000000000 0x0000000000000000
XMM[14]=0x0000000000000000 0x0000000000000000
XMM[15]=0x0000000000000000 0x0000000000000000
  MXCSR=0x00001fa0


Register to memory mapping:

RAX=0x000001d95e5531e0 points into unknown readable memory: 0x000000747865742e | 2e 74 65 78 74 00 00 00
RBX=0x000001d9a47c17b0 points into unknown readable memory: 0x000001d9a4513e70 | 70 3e 51 a4 d9 01 00 00
RCX=0x0 is null
RDX=0x0 is null
RSP=0x0000003fd9efe760 is pointing into the stack for thread: 0x000001d95dfdf630
RBP=0x0000003fd9efe869 is pointing into the stack for thread: 0x000001d95dfdf630
RSI=0x000001d9a44d3730 points into unknown readable memory: 0x00007ffe3147a860 | 60 a8 47 31 fe 7f 00 00
RDI=0x0 is null
R8 =0x0000000000000001 is an unknown value
R9 =0x0000003fd8472000 points into unknown readable memory: 0x0000000000000000 | 00 00 00 00 00 00 00 00
R10=0x0 is null
R11=0x0000000000000246 is an unknown value
R12=0x0 is null
R13=0x0000000000000310 is an unknown value
R14=0x0 is null
R15=0x0 is null

Top of Stack: (sp=0x0000003fd9efe760)
0x0000003fd9efe760:   00007ffe314a7838 0000000000000000   8xJ1............
0x0000003fd9efe770:   0000000000000000 000001d9a44d3730   ........07M.....
0x0000003fd9efe780:   0000000000000000 00007ffe314078cb   .........x@1....
0x0000003fd9efe790:   0000000000000000 000001d9a47c17b0   ..........|.....
0x0000003fd9efe7a0:   000001d9a47c17b0 0000000000000000   ..|.............
0x0000003fd9efe7b0:   0000000000000000 00007ffe31407916   .........y@1....
0x0000003fd9efe7c0:   000001d9a44d3730 00007ffe31370000   07M.......71....
0x0000003fd9efe7d0:   0000003fd9efe8c8 00007ffe651a3a08   ....?....:.e....
0x0000003fd9efe7e0:   0000000000000000 00007ffe31404cff   .........L@1....
0x0000003fd9efe7f0:   000001d9a44d3730 0000000000000000   07M.............
0x0000003fd9efe800:   00007ffe31407df0 00007ffe7aa6c8ae   .}@1.......z....
0x0000003fd9efe810:   00007ffe218ca8e0 00007ffe792918e9   ...!......)y....
0x0000003fd9efe820:   0000003fd9efe8c0 0000000000000001   ....?...........
0x0000003fd9efe830:   0000000000000000 0000003fd9efe8c8   ............?...
0x0000003fd9efe840:   0000000000000000 0000000000000000   ................
0x0000003fd9efe850:   0000000000000000 000001d95dfdf9f8   ...........]....
0x0000003fd9efe860:   000001d9a44d37d0 0000000000000000   .7M.............
0x0000003fd9efe870:   0000000000000000 0000827aacda49e3   .........I..z...
0x0000003fd9efe880:   0000000000000000 0000000000000000   ................
0x0000003fd9efe890:   0000000000000000 0000000000000000   ................
0x0000003fd9efe8a0:   0000000000000000 0000000000000310   ................
0x0000003fd9efe8b0:   0000000000000000 000001d9a44d3730   ........07M.....
0x0000003fd9efe8c0:   000001d9a44d3730 00007ffe3144fddc   07M.......D1....
0x0000003fd9efe8d0:   0000000000000000 0000eddc025dc344   ........D.].....
0x0000003fd9efe8e0:   0000a0b5318bd4aa 0000000000000022   ...1....".......
0x0000003fd9efe8f0:   000000000000c201 0000000000000000   ................
0x0000003fd9efe900:   0000000000000000 00007ffe792683a9   ..........&y....
0x0000003fd9efe910:   0000000000000000 0000000000000001   ................
0x0000003fd9efe920:   0000000000000022 00007ffe7aad311f   "........1.z....
0x0000003fd9efe930:   000000000001055c 00007ffe7926968a   \.........&y....
0x0000003fd9efe940:   ffffffffffffffeb 0000827aacda46c3   .........F..z...
0x0000003fd9efe950:   000001d93f7d7190 0000000000000000   .q}?............

Instructions: (pc=0x00007ffe3144bd4c)
  0x00007ffe3144bc4c:   2b fe 66 90 8b 04 0f 89 01 48 8d 49 04 48 83 ea
  0x00007ffe3144bc5c:   01 75 f1 45 85 ff 7e 11 4d 8b c7 33 d2 49 c1 e0
  0x00007ffe3144bc6c:   02 49 8b ce e8 53 f8 00 00 48 8b 03 45 33 c9 4d
  0x00007ffe3144bc7c:   8b c6 48 8b d5 48 8b cb ff 90 f8 06 00 00 48 8b
  0x00007ffe3144bc8c:   03 45 33 c9 4c 8b c6 49 8b d4 48 8b cb ff 90 f8
  0x00007ffe3144bc9c:   06 00 00 4c 8b 05 aa 86 06 00 48 8b cb 48 8b 15
  0x00007ffe3144bcac:   80 86 06 00 e8 9b f8 fb ff e9 5d ff ff ff 48 8d
  0x00007ffe3144bcbc:   15 b7 2c 03 00 48 8b cb e8 6c c3 00 00 e9 58 ff
  0x00007ffe3144bccc:   ff ff cc cc 48 89 5c 24 08 57 48 83 ec 20 8b f9
  0x00007ffe3144bcdc:   e8 ef c2 f4 ff 48 8b d8 48 89 44 24 38 41 b8 01
  0x00007ffe3144bcec:   00 00 00 8b d7 48 8b c8 e8 57 c2 f4 ff 48 8b c8
  0x00007ffe3144bcfc:   e8 8f fd ff ff 90 48 8b cb e8 86 c4 f4 ff 90 48
  0x00007ffe3144bd0c:   8b 5c 24 30 48 83 c4 20 5f c3 cc cc cc cc cc cc
  0x00007ffe3144bd1c:   cc cc cc cc 48 89 5c 24 08 57 48 83 ec 20 8b f9
  0x00007ffe3144bd2c:   e8 9f c2 f4 ff 48 8b d8 48 89 44 24 38 41 b8 01
  0x00007ffe3144bd3c:   00 00 00 8b d7 48 8b c8 e8 07 c2 f4 ff 48 8b 08
=>0x00007ffe3144bd4c:   83 79 04 08 7e 04 33 ff eb 0b 48 8b 48 08 e8 b1
  0x00007ffe3144bd5c:   7e fe ff 8b f8 48 8b cb e8 27 c4 f4 ff 90 8b c7
  0x00007ffe3144bd6c:   48 8b 5c 24 30 48 83 c4 20 5f c3 cc cc cc cc cc
  0x00007ffe3144bd7c:   cc cc cc cc 48 89 5c 24 08 48 89 74 24 10 48 89
  0x00007ffe3144bd8c:   7c 24 18 41 56 48 83 ec 30 41 8b f9 45 8b f0 48
  0x00007ffe3144bd9c:   8b f2 48 8b d9 e8 ca 78 00 00 e8 75 ad ff ff 8b
  0x00007ffe3144bdac:   44 24 68 89 44 24 20 44 8b 4c 24 60 44 8b c7 41
  0x00007ffe3144bdbc:   8b d6 48 8b cb e8 6a e6 ff ff 48 8b f8 48 85 c0
  0x00007ffe3144bdcc:   74 7f 48 8b 03 48 8b d6 48 8b cb ff 90 f8 00 00
  0x00007ffe3144bddc:   00 48 8b d0 48 8b cb 48 85 c0 75 0e 48 8d 15 11
  0x00007ffe3144bdec:   2d 03 00 e8 41 c2 00 00 eb 57 48 8b 03 4c 8d 0d
  0x00007ffe3144bdfc:   28 2d 03 00 4c 8d 05 39 2d 03 00 ff 90 08 01 00
  0x00007ffe3144be0c:   00 48 8b cb 48 85 c0 75 1a 48 8b 03 ff 90 88 00
  0x00007ffe3144be1c:   00 00 48 8d 15 23 2d 03 00 48 8b cb e8 08 c2 00
  0x00007ffe3144be2c:   00 eb 1e 4c 8b cf 4c 8b c0 48 8b d6 e8 a3 e3 fa
  0x00007ffe3144be3c:   ff 48 8b 03 48 8b d7 48 8b cb ff 90 b8 00 00 00


Stack slot to memory mapping:

stack at sp + 0 slots: 0x00007ffe314a7838 awt.dll
stack at sp + 1 slots: 0x0 is null
stack at sp + 2 slots: 0x0 is null
stack at sp + 3 slots: 0x000001d9a44d3730 points into unknown readable memory: 0x00007ffe3147a860 | 60 a8 47 31 fe 7f 00 00
stack at sp + 4 slots: 0x0 is null
stack at sp + 5 slots: 0x00007ffe314078cb awt.dll
stack at sp + 6 slots: 0x0 is null
stack at sp + 7 slots: 0x000001d9a47c17b0 points into unknown readable memory: 0x000001d9a4513e70 | 70 3e 51 a4 d9 01 00 00

Lock stack of current Java thread (top to bottom):

native method entry point (kind = native)  [0x000001d950c1cb40, 0x000001d950c1d680]  2880 bytes
[MachCode]
  0x000001d950c1cb40: 488b 4b08 | 0fb7 492e | 584c 8d74 | ccf8 6800 | 0000 0068 | 0000 0000 | 5055 488b | ec41 5568 
  0x000001d950c1cb60: 0000 0000 | 4c8b 6b08 | 4d8d 6d38 | 5348 8b53 | 0848 8b52 | 0848 8b52 | 1848 8b52 | 7048 8b12 
  0x000001d950c1cb80: 5248 8b53 | 1048 85d2 | 0f84 0700 | 0000 4881 | c208 0100 | 0052 488b | 5308 488b | 5208 488b 
  0x000001d950c1cba0: 5210 5249 | 8bc6 482b | c548 c1e8 | 0350 6800 | 0000 0068 | f7ff ffff | 41c6 8771 | 0400 0001 
  0x000001d950c1cbc0: 488b 4310 | 4885 c074 | 208b 88cc | 0000 0083 | c102 8988 | cc00 0000 | 2388 e000 | 0000 0f84 
  0x000001d950c1cbe0: ea09 0000 | e9cd 0000 | 0048 8b43 | 1848 85c0 | 0f85 b000 | 0000 e805 | 0000 00e9 | 9900 0000 
  0x000001d950c1cc00: 488b d348 | 8d44 2408 | 4c89 6dc0 | 498b cfc5 | f877 4989 | afb8 0300 | 0049 8987 | a803 0000 
  0x000001d950c1cc20: 4883 ec20 | 40f6 c40f | 0f84 1900 | 0000 4883 | ec08 48b8 | 2016 8c21 | fe7f 0000 | ffd0 4883 
  0x000001d950c1cc40: c408 e90c | 0000 0048 | b820 168c | 21fe 7f00 | 00ff d048 | 83c4 2049 | c787 a803 | 0000 0000 
  0x000001d950c1cc60: 0000 49c7 | 87b8 0300 | 0000 0000 | 0049 c787 | b003 0000 | 0000 0000 | c5f8 7749 | 837f 0800 
  0x000001d950c1cc80: 0f84 0500 | 0000 e935 | 42ff ff4c | 8b6d c04c | 8b75 c84e | 8d74 f500 | c348 8b43 | 1848 85c0 
  0x000001d950c1cca0: 0f84 1000 | 0000 8b08 | 83c1 0289 | 0823 4814 | 0f84 1809 | 0000 493b | a7f0 0400 | 000f 8748 
  0x000001d950c1ccc0: 0000 0089 | 8424 00f0 | ffff 8984 | 2400 e0ff | ff89 8424 | 00d0 ffff | 8984 2400 | c0ff ff89 
  0x000001d950c1cce0: 8424 00b0 | ffff 8984 | 2400 a0ff | ff89 8424 | 0090 ffff | 8984 2400 | 80ff ff49 | 3ba7 e804 
  0x000001d950c1cd00: 0000 7607 | 4989 a7f0 | 0400 0041 | c687 7104 | 0000 0048 | 8b5d e84c | 8b5b 0845 | 0fb7 5b2e 
  0x000001d950c1cd20: 41c1 e303 | 492b e348 | 83ec 2048 | 83e4 f04c | 8b5b 604d | 85db 0f85 | ab00 0000 | e805 0000 
  0x000001d950c1cd40: 00e9 9900 | 0000 488b | d348 8d44 | 2408 4c89 | 6dc0 498b | cfc5 f877 | 4989 afb8 | 0300 0049 
  0x000001d950c1cd60: 8987 a803 | 0000 4883 | ec20 40f6 | c40f 0f84 | 1900 0000 | 4883 ec08 | 48b8 4040 | 8c21 fe7f 
  0x000001d950c1cd80: 0000 ffd0 | 4883 c408 | e90c 0000 | 0048 b840 | 408c 21fe | 7f00 00ff | d048 83c4 | 2049 c787 
  0x000001d950c1cda0: a803 0000 | 0000 0000 | 49c7 87b8 | 0300 0000 | 0000 0049 | c787 b003 | 0000 0000 | 0000 c5f8 
  0x000001d950c1cdc0: 7749 837f | 0800 0f84 | 0500 0000 | e9ef 40ff | ff4c 8b6d | c04c 8b75 | c84e 8d74 | f500 c348 
  0x000001d950c1cde0: 8b5d e84c | 8b5b 6041 | ffd3 488b | 5de8 4889 | 4518 448b | 5b28 41f6 | c308 0f84 | 1b00 0000 
  0x000001d950c1ce00: 4c8b 5b08 | 4d8b 5b08 | 4d8b 5b18 | 4d8b 5b70 | 4d8b 1b4c | 895d 1048 | 8d55 1048 | 8b43 5849 
  0x000001d950c1ce20: ba60 88c5 | 21fe 7f00 | 0049 3bc2 | 0f85 ab00 | 0000 e805 | 0000 00e9 | 9900 0000 | 488b d348 
  0x000001d950c1ce40: 8d44 2408 | 4c89 6dc0 | 498b cfc5 | f877 4989 | afb8 0300 | 0049 8987 | a803 0000 | 4883 ec20 
  0x000001d950c1ce60: 40f6 c40f | 0f84 1900 | 0000 4883 | ec08 48b8 | 4040 8c21 | fe7f 0000 | ffd0 4883 | c408 e90c 
  0x000001d950c1ce80: 0000 0048 | b840 408c | 21fe 7f00 | 00ff d048 | 83c4 2049 | c787 a803 | 0000 0000 | 0000 49c7 
  0x000001d950c1cea0: 87b8 0300 | 0000 0000 | 0049 c787 | b003 0000 | 0000 0000 | c5f8 7749 | 837f 0800 | 0f84 0500 
  0x000001d950c1cec0: 0000 e9f9 | 3fff ff4c | 8b6d c04c | 8b75 c84e | 8d74 f500 | c348 8b5d | e848 8b43 | 5849 8d8f 
  0x000001d950c1cee0: c803 0000 | 4c8d 15d5 | 0000 004d | 8997 b003 | 0000 c5f8 | 7749 89af | b803 0000 | 4989 a7a8 
  0x000001d950c1cf00: 0300 0041 | c787 5404 | 0000 0400 | 0000 493b | a748 0500 | 0076 0749 | 89a7 4805 | 0000 ffd0 
  0x000001d950c1cf20: 493b a748 | 0500 0072 | 0b49 c787 | 4805 0000 | 0000 0000 | c5f8 7748 | 83ec 10c5 | fb11 0424 
  0x000001d950c1cf40: 4883 ec10 | 4889 0424 | 48c7 4424 | 0800 0000 | 0041 c787 | 5404 0000 | 0500 0000 | f083 4424 
  0x000001d950c1cf60: c000 493b | 6f28 0f87 | 0e00 0000 | 4183 bf50 | 0400 0000 | 0f84 2000 | 0000 498b | cf4c 8be4 
  0x000001d950c1cf80: 4883 ec20 | 4883 e4f0 | 48b8 30a5 | 8d21 fe7f | 0000 ffd0 | 498b e44d | 33e4 41c7 | 8754 0400 
  0x000001d950c1cfa0: 0008 0000 | 004d 8b97 | 7005 0000 | 4983 fa00 | 7435 49c7 | 8770 0500 | 0000 0000 | 0041 ffe2 
  0x000001d950c1cfc0: 49ba 00bb | c150 d901 | 0000 41ff | d248 83ec | 10c5 fb11 | 0424 4883 | ec10 4889 | 0424 48c7 
  0x000001d950c1cfe0: 4424 0800 | 0000 0049 | c787 a803 | 0000 0000 | 0000 49c7 | 87b8 0300 | 0000 0000 | 0049 c787 
  0x000001d950c1d000: b003 0000 | 0000 0000 | c5f8 774d | 8b9f 3804 | 0000 41c7 | 8300 0100 | 0000 0000 | 0049 bb3a 
  0x000001d950c1d020: a4c1 50d9 | 0100 004c | 3b5d 180f | 855b 0200 | 0048 8b04 | 2448 83c4 | 1048 85c0 | 0f84 3502 
  0x000001d950c1d040: 0000 a803 | 0f85 0800 | 0000 488b | 00e9 2502 | 0000 a801 | 0f85 0900 | 0000 488b | 40fe e914 
  0x000001d950c1d060: 0200 0048 | 8b40 ff41 | 807f 4800 | 0f84 0502 | 0000 4883 | f800 0f84 | fb01 0000 | 4d8b 5f38 
  0x000001d950c1d080: 4d85 db0f | 8414 0000 | 0049 83eb | 084d 895f | 384d 035f | 4049 8903 | e9da 0100 | 0048 81ec 
  0x000001d950c1d0a0: f000 0000 | 4889 0424 | 4889 4c24 | 0848 8954 | 2410 4c89 | 4424 184c | 894c 2420 | 4c89 5424 
  0x000001d950c1d0c0: 284c 895c | 2430 c5fb | 1144 2440 | c5fb 114c | 2448 c5fb | 1154 2450 | c5fb 115c | 2458 c5fb 
  0x000001d950c1d0e0: 1164 2460 | c5fb 116c | 2468 62e1 | ff08 1144 | 240e 62e1 | ff08 114c | 240f 62e1 | ff08 1154 
  0x000001d950c1d100: 2410 62e1 | ff08 115c | 2411 62e1 | ff08 1164 | 2412 62e1 | ff08 116c | 2413 62e1 | ff08 1174 
  0x000001d950c1d120: 2414 62e1 | ff08 117c | 2415 6261 | ff08 1144 | 2416 6261 | ff08 114c | 2417 6261 | ff08 1154 
  0x000001d950c1d140: 2418 6261 | ff08 115c | 2419 6261 | ff08 1164 | 241a 6261 | ff08 116c | 241b 6261 | ff08 1174 
  0x000001d950c1d160: 241c 6261 | ff08 117c | 241d 498b | d748 8bc8 | 4883 ec20 | 40f6 c40f | 0f84 1900 | 0000 4883 
  0x000001d950c1d180: ec08 48b8 | 9018 8021 | fe7f 0000 | ffd0 4883 | c408 e90c | 0000 0048 | b890 1880 | 21fe 7f00 
  0x000001d950c1d1a0: 00ff d048 | 83c4 2062 | 61ff 0810 | 7c24 1d62 | 61ff 0810 | 7424 1c62 | 61ff 0810 | 6c24 1b62 
  0x000001d950c1d1c0: 61ff 0810 | 6424 1a62 | 61ff 0810 | 5c24 1962 | 61ff 0810 | 5424 1862 | 61ff 0810 | 4c24 1762 
  0x000001d950c1d1e0: 61ff 0810 | 4424 1662 | e1ff 0810 | 7c24 1562 | e1ff 0810 | 7424 1462 | e1ff 0810 | 6c24 1362 
  0x000001d950c1d200: e1ff 0810 | 6424 1262 | e1ff 0810 | 5c24 1162 | e1ff 0810 | 5424 1062 | e1ff 0810 | 4c24 0f62 
  0x000001d950c1d220: e1ff 0810 | 4424 0ec5 | fb10 6c24 | 68c5 fb10 | 6424 60c5 | fb10 5c24 | 58c5 fb10 | 5424 50c5 
  0x000001d950c1d240: fb10 4c24 | 48c5 fb10 | 4424 404c | 8b5c 2430 | 4c8b 5424 | 284c 8b4c | 2420 4c8b | 4424 1848 
  0x000001d950c1d260: 8b54 2410 | 488b 4c24 | 0848 8b04 | 2448 81c4 | f000 0000 | c5f8 7748 | 8945 1048 | 83ec 1048 
  0x000001d950c1d280: 8904 2448 | c744 2408 | 0000 0000 | 4183 bfd0 | 0400 0002 | 0f85 bf00 | 0000 4881 | ec80 0000 
  0x000001d950c1d2a0: 0048 8944 | 2478 4889 | 4c24 7048 | 8954 2468 | 4889 5c24 | 6048 896c | 2450 4889 | 7424 4848 
  0x000001d950c1d2c0: 897c 2440 | 4c89 4424 | 384c 894c | 2430 4c89 | 5424 284c | 895c 2420 | 4c89 6424 | 184c 896c 
  0x000001d950c1d2e0: 2410 4c89 | 7424 084c | 893c 244c | 8be4 4883 | ec20 4883 | e4f0 48b8 | 5070 c521 | fe7f 0000 
  0x000001d950c1d300: ffd0 498b | e44c 8b3c | 244c 8b74 | 2408 4c8b | 6c24 104c | 8b64 2418 | 4c8b 5c24 | 204c 8b54 
  0x000001d950c1d320: 2428 4c8b | 4c24 304c | 8b44 2438 | 488b 7c24 | 4048 8b74 | 2448 488b | 6c24 5048 | 8b5c 2460 
  0x000001d950c1d340: 488b 5424 | 6848 8b4c | 2470 488b | 4424 7848 | 81c4 8000 | 0000 4d33 | e448 8b5d | e84c 8b6b 
  0x000001d950c1d360: 084d 8d6d | 3849 837f | 0800 0f84 | bb00 0000 | e805 0000 | 00e9 9600 | 0000 488d | 4424 084c 
  0x000001d950c1d380: 896d c049 | 8bcf c5f8 | 7749 89af | b803 0000 | 4989 87a8 | 0300 0048 | 83ec 2040 | f6c4 0f0f 
  0x000001d950c1d3a0: 8419 0000 | 0048 83ec | 0848 b8e0 | 5e8c 21fe | 7f00 00ff | d048 83c4 | 08e9 0c00 | 0000 48b8 
  0x000001d950c1d3c0: e05e 8c21 | fe7f 0000 | ffd0 4883 | c420 49c7 | 87a8 0300 | 0000 0000 | 0049 c787 | b803 0000 
  0x000001d950c1d3e0: 0000 0000 | 49c7 87b0 | 0300 0000 | 0000 00c5 | f877 4983 | 7f08 000f | 8405 0000 | 00e9 be3a 
  0x000001d950c1d400: ffff 4c8b | 6dc0 4c8b | 75c8 4e8d | 74f5 00c3 | 48b9 e034 | f521 fe7f | 0000 4883 | e4f0 48b8 
  0x000001d950c1d420: d08d b221 | fe7f 0000 | ffd0 f444 | 8b5b 2841 | f6c3 200f | 8472 0100 | 0048 8d55 | a84c 8b5a 
  0x000001d950c1d440: 084d 85db | 0f85 bb00 | 0000 e805 | 0000 00e9 | 9600 0000 | 488d 4424 | 084c 896d | c049 8bcf 
  0x000001d950c1d460: c5f8 7749 | 89af b803 | 0000 4989 | 87a8 0300 | 0048 83ec | 2040 f6c4 | 0f0f 8419 | 0000 0048 
  0x000001d950c1d480: 83ec 0848 | b810 5e8c | 21fe 7f00 | 00ff d048 | 83c4 08e9 | 0c00 0000 | 48b8 105e | 8c21 fe7f 
  0x000001d950c1d4a0: 0000 ffd0 | 4883 c420 | 49c7 87a8 | 0300 0000 | 0000 0049 | c787 b803 | 0000 0000 | 0000 49c7 
  0x000001d950c1d4c0: 87b0 0300 | 0000 0000 | 00c5 f877 | 4983 7f08 | 000f 8405 | 0000 00e9 | e439 ffff | 4c8b 6dc0 
  0x000001d950c1d4e0: 4c8b 75c8 | 4e8d 74f5 | 00c3 48b9 | e034 f521 | fe7f 0000 | 4883 e4f0 | 48b8 d08d | b221 fe7f 
  0x000001d950c1d500: 0000 ffd0 | f44c 896d | c04c 8b4a | 0848 c742 | 0800 0000 | 0045 8b87 | 5806 0000 | 4f3b 4c07 
  0x000001d950c1d520: f80f 8542 | 0000 0041 | 83af 5806 | 0000 084f | 3b4c 07f0 | 0f84 2a00 | 0000 498b | 01a8 020f 
  0x000001d950c1d540: 8512 0000 | 004c 8bc0 | 4983 c801 | f04d 0fb1 | 010f 840d | 0000 0041 | 8387 5806 | 0000 08e9 
  0x000001d950c1d560: 0500 0000 | e93e 0000 | 004c 894a | 0848 8bca | 4883 ec20 | 40f6 c40f | 0f84 1900 | 0000 4883 
  0x000001d950c1d580: ec08 48b8 | 3030 8c21 | fe7f 0000 | ffd0 4883 | c408 e90c | 0000 0048 | b830 308c | 21fe 7f00 
  0x000001d950c1d5a0: 00ff d048 | 83c4 204c | 8b6d c048 | 8b04 2448 | 83c4 10c5 | fb10 0424 | 4883 c410 | 4c8b 5d18 
  0x000001d950c1d5c0: 41ff d34c | 8b5d f8c9 | 5f49 8be3 | ffe7 ba00 | 0000 00e8 | 0500 0000 | e996 0000 | 0048 8d44 
  0x000001d950c1d5e0: 2408 4c89 | 6dc0 498b | cfc5 f877 | 4989 afb8 | 0300 0049 | 8987 a803 | 0000 4883 | ec20 40f6 
  0x000001d950c1d600: c40f 0f84 | 1900 0000 | 4883 ec08 | 48b8 e024 | 8c21 fe7f | 0000 ffd0 | 4883 c408 | e90c 0000 
  0x000001d950c1d620: 0048 b8e0 | 248c 21fe | 7f00 00ff | d048 83c4 | 2049 c787 | a803 0000 | 0000 0000 | 49c7 87b8 
  0x000001d950c1d640: 0300 0000 | 0000 0049 | c787 b003 | 0000 0000 | 0000 c5f8 | 7749 837f | 0800 0f84 | 0500 0000 
  0x000001d950c1d660: e95b 38ff | ff4c 8b6d | c04c 8b75 | c84e 8d74 | f500 c348 | 8b5d e8e9 | 3af6 ffff | 0f1f 4000 
[/MachCode]

---------------  P R O C E S S  ---------------

Threads class SMR info:
_java_thread_list=0x000001d9a4666390, length=16, elements={
0x000001d95dfd1450, 0x000001d95dfd1b90, 0x000001d95dfdd540, 0x000001d95dfe04d0,
0x000001d95dfdfd80, 0x000001d95dfe1370, 0x000001d95dfe7f30, 0x000001d95dfe86c0,
0x000001d95dfdeee0, 0x000001d95dfe0c20, 0x000001d95dfde790, 0x000001d95dfde040,
0x000001d95dfdf630, 0x000001d95e706670, 0x000001d95e707510, 0x000001d95e7057d0
}

Java Threads: ( => current thread )
  0x000001d95dfd1450 JavaThread "Reference Handler"          daemon [_thread_blocked, id=15920, stack(0x0000003fd9200000,0x0000003fd9300000) (1024K)]
  0x000001d95dfd1b90 JavaThread "Finalizer"                  daemon [_thread_blocked, id=24072, stack(0x0000003fd9300000,0x0000003fd9400000) (1024K)]
  0x000001d95dfdd540 JavaThread "Signal Dispatcher"          daemon [_thread_blocked, id=8940, stack(0x0000003fd9400000,0x0000003fd9500000) (1024K)]
  0x000001d95dfe04d0 JavaThread "Attach Listener"            daemon [_thread_blocked, id=19888, stack(0x0000003fd9500000,0x0000003fd9600000) (1024K)]
  0x000001d95dfdfd80 JavaThread "Service Thread"             daemon [_thread_blocked, id=7904, stack(0x0000003fd9600000,0x0000003fd9700000) (1024K)]
  0x000001d95dfe1370 JavaThread "Monitor Deflation Thread"   daemon [_thread_blocked, id=22408, stack(0x0000003fd9700000,0x0000003fd9800000) (1024K)]
  0x000001d95dfe7f30 JavaThread "C2 CompilerThread0"         daemon [_thread_blocked, id=1644, stack(0x0000003fd9800000,0x0000003fd9900000) (1024K)]
  0x000001d95dfe86c0 JavaThread "C1 CompilerThread0"         daemon [_thread_blocked, id=15104, stack(0x0000003fd9900000,0x0000003fd9a00000) (1024K)]
  0x000001d95dfdeee0 JavaThread "Notification Thread"        daemon [_thread_blocked, id=9464, stack(0x0000003fd9a00000,0x0000003fd9b00000) (1024K)]
  0x000001d95dfe0c20 JavaThread "Common-Cleaner"             daemon [_thread_blocked, id=12748, stack(0x0000003fd9b00000,0x0000003fd9c00000) (1024K)]
  0x000001d95dfde790 JavaThread "Java2D Disposer"            daemon [_thread_blocked, id=20440, stack(0x0000003fd9c00000,0x0000003fd9d00000) (1024K)]
  0x000001d95dfde040 JavaThread "AWT-Shutdown"                      [_thread_blocked, id=24232, stack(0x0000003fd9d00000,0x0000003fd9e00000) (1024K)]
=>0x000001d95dfdf630 JavaThread "AWT-Windows"                daemon [_thread_in_native, id=18020, stack(0x0000003fd9e00000,0x0000003fd9f00000) (1024K)]
  0x000001d95e706670 JavaThread "AWT-EventQueue-0"                  [_thread_blocked, id=22900, stack(0x0000003fd9f00000,0x0000003fda000000) (1024K)]
  0x000001d95e707510 JavaThread "DestroyJavaVM"                     [_thread_blocked, id=22004, stack(0x0000003fd8a00000,0x0000003fd8b00000) (1024K)]
  0x000001d95e7057d0 JavaThread "TimerQueue"                 daemon [_thread_blocked, id=21696, stack(0x0000003fda400000,0x0000003fda500000) (1024K)]
Total: 16

Other Threads:
  0x000001d95dfbf6f0 VMThread "VM Thread"                           [id=24256, stack(0x0000003fd9100000,0x0000003fd9200000) (1024K)]
  0x000001d95de82b60 WatcherThread "VM Periodic Task Thread"        [id=19968, stack(0x0000003fd9000000,0x0000003fd9100000) (1024K)]
  0x000001d93f555350 WorkerThread "GC Thread#0"                     [id=23904, stack(0x0000003fd8b00000,0x0000003fd8c00000) (1024K)]
  0x000001d93f569a40 ConcurrentGCThread "G1 Main Marker"            [id=15664, stack(0x0000003fd8c00000,0x0000003fd8d00000) (1024K)]
  0x000001d93f56b3a0 WorkerThread "G1 Conc#0"                       [id=19108, stack(0x0000003fd8d00000,0x0000003fd8e00000) (1024K)]
  0x000001d93f5be590 ConcurrentGCThread "G1 Refine#0"               [id=16400, stack(0x0000003fd8e00000,0x0000003fd8f00000) (1024K)]
  0x000001d95de73060 ConcurrentGCThread "G1 Service"                [id=13664, stack(0x0000003fd8f00000,0x0000003fd9000000) (1024K)]
Total: 7

Threads with active compile tasks:
Total: 0

VM state: not at safepoint (normal execution)

VM Mutex/Monitor currently owned by a thread: None

Heap address: 0x0000000084000000, size: 1984 MB, Compressed Oops mode: 32-bit

CDS archive(s) mapped at: [0x000001d95f000000-0x000001d95fd40000-0x000001d95fd40000), size 13893632, SharedBaseAddress: 0x000001d95f000000, ArchiveRelocationMode: 1.
Compressed class space mapped at: 0x000001d960000000-0x000001d9a0000000, reserved size: 1073741824
UseCompressedClassPointers 1, UseCompactObjectHeaders 0
Narrow klass pointer bits 32, Max shift 3
Narrow klass base: 0x000001d95f000000, Narrow klass shift: 0
Encoding Range: [0x000001d95f000000 - 0x000001da5f000000), (4294967296 bytes)
Klass Range:    [0x000001d95f000000 - 0x000001d9a0000000), (1090519040 bytes)
Klass ID Range:  [8 - 1090519033) (1090519025)

GC Precious Log:
 CardTable entry size: 512
 Card Set container configuration: InlinePtr #cards 5 size 8 Array Of Cards #cards 10 size 36 Howl #buckets 4 coarsen threshold 1843 Howl Bitmap #cards 512 size 80 coarsen threshold 460 Card regions per heap region 1 cards per card region 2048
 CPUs: 8 total, 8 available
 Memory: 7931M
 Large Page Support: Disabled
 NUMA Support: Disabled
 Compressed Oops: Enabled (32-bit)
 Heap Region Size: 1M
 Heap Min Capacity: 8M
 Heap Initial Capacity: 124M
 Heap Max Capacity: 1984M
 Pre-touch: Disabled
 Parallel Workers: 8
 Concurrent Workers: 2
 Concurrent Refinement Workers: 8
 Periodic GC: Disabled

Heap:
 garbage-first heap   total reserved 2031616K, committed 129024K, used 54384K [0x0000000084000000, 0x0000000100000000)
  region size 1024K, 42 young (43008K), 0 survivors (0K)
 Metaspace       used 18645K, committed 18944K, reserved 1114112K
  class space    used 1705K, committed 1792K, reserved 1048576K

Heap Regions: E=young(eden), S=young(survivor), O=old, HS=humongous(starts), HC=humongous(continues), CS=collection set, F=free, TAMS=top-at-mark-start, PB=parsable bottom
|   0|0x0000000084000000, 0x0000000084100000, 0x0000000084100000|100%|HS|  |TAMS 0x0000000084000000| PB 0x0000000084000000| Complete |  0
|   1|0x0000000084100000, 0x0000000084200000, 0x0000000084200000|100%|HC|  |TAMS 0x0000000084100000| PB 0x0000000084100000| Complete |  0
|   2|0x0000000084200000, 0x0000000084300000, 0x0000000084300000|100%|HC|  |TAMS 0x0000000084200000| PB 0x0000000084200000| Complete |  0
|   3|0x0000000084300000, 0x0000000084400000, 0x0000000084400000|100%|HS|  |TAMS 0x0000000084300000| PB 0x0000000084300000| Complete |  0
|   4|0x0000000084400000, 0x0000000084500000, 0x0000000084500000|100%|HC|  |TAMS 0x0000000084400000| PB 0x0000000084400000| Complete |  0
|   5|0x0000000084500000, 0x0000000084600000, 0x0000000084600000|100%|HC|  |TAMS 0x0000000084500000| PB 0x0000000084500000| Complete |  0
|   6|0x0000000084600000, 0x0000000084700000, 0x0000000084700000|100%|HC|  |TAMS 0x0000000084600000| PB 0x0000000084600000| Complete |  0
|   7|0x0000000084700000, 0x0000000084800000, 0x0000000084800000|100%|HC|  |TAMS 0x0000000084700000| PB 0x0000000084700000| Complete |  0
|   8|0x0000000084800000, 0x0000000084900000, 0x0000000084900000|100%|HC|  |TAMS 0x0000000084800000| PB 0x0000000084800000| Complete |  0
|   9|0x0000000084900000, 0x0000000084a00000, 0x0000000084a00000|100%|HC|  |TAMS 0x0000000084900000| PB 0x0000000084900000| Complete |  0
|  10|0x0000000084a00000, 0x0000000084b00000, 0x0000000084b00000|100%|HC|  |TAMS 0x0000000084a00000| PB 0x0000000084a00000| Complete |  0
|  11|0x0000000084b00000, 0x0000000084b00000, 0x0000000084c00000|  0%| F|  |TAMS 0x0000000084b00000| PB 0x0000000084b00000| Untracked |  0
|  12|0x0000000084c00000, 0x0000000084c00000, 0x0000000084d00000|  0%| F|  |TAMS 0x0000000084c00000| PB 0x0000000084c00000| Untracked |  0
|  13|0x0000000084d00000, 0x0000000084d00000, 0x0000000084e00000|  0%| F|  |TAMS 0x0000000084d00000| PB 0x0000000084d00000| Untracked |  0
|  14|0x0000000084e00000, 0x0000000084e00000, 0x0000000084f00000|  0%| F|  |TAMS 0x0000000084e00000| PB 0x0000000084e00000| Untracked |  0
|  15|0x0000000084f00000, 0x0000000084f00000, 0x0000000085000000|  0%| F|  |TAMS 0x0000000084f00000| PB 0x0000000084f00000| Untracked |  0
|  16|0x0000000085000000, 0x0000000085000000, 0x0000000085100000|  0%| F|  |TAMS 0x0000000085000000| PB 0x0000000085000000| Untracked |  0
|  17|0x0000000085100000, 0x0000000085100000, 0x0000000085200000|  0%| F|  |TAMS 0x0000000085100000| PB 0x0000000085100000| Untracked |  0
|  18|0x0000000085200000, 0x0000000085200000, 0x0000000085300000|  0%| F|  |TAMS 0x0000000085200000| PB 0x0000000085200000| Untracked |  0
|  19|0x0000000085300000, 0x0000000085300000, 0x0000000085400000|  0%| F|  |TAMS 0x0000000085300000| PB 0x0000000085300000| Untracked |  0
|  20|0x0000000085400000, 0x0000000085400000, 0x0000000085500000|  0%| F|  |TAMS 0x0000000085400000| PB 0x0000000085400000| Untracked |  0
|  21|0x0000000085500000, 0x0000000085500000, 0x0000000085600000|  0%| F|  |TAMS 0x0000000085500000| PB 0x0000000085500000| Untracked |  0
|  22|0x0000000085600000, 0x0000000085600000, 0x0000000085700000|  0%| F|  |TAMS 0x0000000085600000| PB 0x0000000085600000| Untracked |  0
|  23|0x0000000085700000, 0x0000000085700000, 0x0000000085800000|  0%| F|  |TAMS 0x0000000085700000| PB 0x0000000085700000| Untracked |  0
|  24|0x0000000085800000, 0x0000000085800000, 0x0000000085900000|  0%| F|  |TAMS 0x0000000085800000| PB 0x0000000085800000| Untracked |  0
|  25|0x0000000085900000, 0x0000000085900000, 0x0000000085a00000|  0%| F|  |TAMS 0x0000000085900000| PB 0x0000000085900000| Untracked |  0
|  26|0x0000000085a00000, 0x0000000085a00000, 0x0000000085b00000|  0%| F|  |TAMS 0x0000000085a00000| PB 0x0000000085a00000| Untracked |  0
|  27|0x0000000085b00000, 0x0000000085b00000, 0x0000000085c00000|  0%| F|  |TAMS 0x0000000085b00000| PB 0x0000000085b00000| Untracked |  0
|  28|0x0000000085c00000, 0x0000000085c00000, 0x0000000085d00000|  0%| F|  |TAMS 0x0000000085c00000| PB 0x0000000085c00000| Untracked |  0
|  29|0x0000000085d00000, 0x0000000085d00000, 0x0000000085e00000|  0%| F|  |TAMS 0x0000000085d00000| PB 0x0000000085d00000| Untracked |  0
|  30|0x0000000085e00000, 0x0000000085e00000, 0x0000000085f00000|  0%| F|  |TAMS 0x0000000085e00000| PB 0x0000000085e00000| Untracked |  0
|  31|0x0000000085f00000, 0x0000000085f00000, 0x0000000086000000|  0%| F|  |TAMS 0x0000000085f00000| PB 0x0000000085f00000| Untracked |  0
|  32|0x0000000086000000, 0x0000000086000000, 0x0000000086100000|  0%| F|  |TAMS 0x0000000086000000| PB 0x0000000086000000| Untracked |  0
|  33|0x0000000086100000, 0x0000000086100000, 0x0000000086200000|  0%| F|  |TAMS 0x0000000086100000| PB 0x0000000086100000| Untracked |  0
|  34|0x0000000086200000, 0x0000000086200000, 0x0000000086300000|  0%| F|  |TAMS 0x0000000086200000| PB 0x0000000086200000| Untracked |  0
|  35|0x0000000086300000, 0x0000000086300000, 0x0000000086400000|  0%| F|  |TAMS 0x0000000086300000| PB 0x0000000086300000| Untracked |  0
|  36|0x0000000086400000, 0x0000000086400000, 0x0000000086500000|  0%| F|  |TAMS 0x0000000086400000| PB 0x0000000086400000| Untracked |  0
|  37|0x0000000086500000, 0x0000000086500000, 0x0000000086600000|  0%| F|  |TAMS 0x0000000086500000| PB 0x0000000086500000| Untracked |  0
|  38|0x0000000086600000, 0x0000000086600000, 0x0000000086700000|  0%| F|  |TAMS 0x0000000086600000| PB 0x0000000086600000| Untracked |  0
|  39|0x0000000086700000, 0x0000000086700000, 0x0000000086800000|  0%| F|  |TAMS 0x0000000086700000| PB 0x0000000086700000| Untracked |  0
|  40|0x0000000086800000, 0x0000000086800000, 0x0000000086900000|  0%| F|  |TAMS 0x0000000086800000| PB 0x0000000086800000| Untracked |  0
|  41|0x0000000086900000, 0x0000000086900000, 0x0000000086a00000|  0%| F|  |TAMS 0x0000000086900000| PB 0x0000000086900000| Untracked |  0
|  42|0x0000000086a00000, 0x0000000086a00000, 0x0000000086b00000|  0%| F|  |TAMS 0x0000000086a00000| PB 0x0000000086a00000| Untracked |  0
|  43|0x0000000086b00000, 0x0000000086b00000, 0x0000000086c00000|  0%| F|  |TAMS 0x0000000086b00000| PB 0x0000000086b00000| Untracked |  0
|  44|0x0000000086c00000, 0x0000000086c00000, 0x0000000086d00000|  0%| F|  |TAMS 0x0000000086c00000| PB 0x0000000086c00000| Untracked |  0
|  45|0x0000000086d00000, 0x0000000086d00000, 0x0000000086e00000|  0%| F|  |TAMS 0x0000000086d00000| PB 0x0000000086d00000| Untracked |  0
|  46|0x0000000086e00000, 0x0000000086e00000, 0x0000000086f00000|  0%| F|  |TAMS 0x0000000086e00000| PB 0x0000000086e00000| Untracked |  0
|  47|0x0000000086f00000, 0x0000000086f00000, 0x0000000087000000|  0%| F|  |TAMS 0x0000000086f00000| PB 0x0000000086f00000| Untracked |  0
|  48|0x0000000087000000, 0x0000000087000000, 0x0000000087100000|  0%| F|  |TAMS 0x0000000087000000| PB 0x0000000087000000| Untracked |  0
|  49|0x0000000087100000, 0x0000000087100000, 0x0000000087200000|  0%| F|  |TAMS 0x0000000087100000| PB 0x0000000087100000| Untracked |  0
|  50|0x0000000087200000, 0x0000000087200000, 0x0000000087300000|  0%| F|  |TAMS 0x0000000087200000| PB 0x0000000087200000| Untracked |  0
|  51|0x0000000087300000, 0x0000000087300000, 0x0000000087400000|  0%| F|  |TAMS 0x0000000087300000| PB 0x0000000087300000| Untracked |  0
|  52|0x0000000087400000, 0x0000000087400000, 0x0000000087500000|  0%| F|  |TAMS 0x0000000087400000| PB 0x0000000087400000| Untracked |  0
|  53|0x0000000087500000, 0x0000000087500000, 0x0000000087600000|  0%| F|  |TAMS 0x0000000087500000| PB 0x0000000087500000| Untracked |  0
|  54|0x0000000087600000, 0x0000000087600000, 0x0000000087700000|  0%| F|  |TAMS 0x0000000087600000| PB 0x0000000087600000| Untracked |  0
|  55|0x0000000087700000, 0x0000000087700000, 0x0000000087800000|  0%| F|  |TAMS 0x0000000087700000| PB 0x0000000087700000| Untracked |  0
|  56|0x0000000087800000, 0x0000000087800000, 0x0000000087900000|  0%| F|  |TAMS 0x0000000087800000| PB 0x0000000087800000| Untracked |  0
|  57|0x0000000087900000, 0x0000000087900000, 0x0000000087a00000|  0%| F|  |TAMS 0x0000000087900000| PB 0x0000000087900000| Untracked |  0
|  58|0x0000000087a00000, 0x0000000087a00000, 0x0000000087b00000|  0%| F|  |TAMS 0x0000000087a00000| PB 0x0000000087a00000| Untracked |  0
|  59|0x0000000087b00000, 0x0000000087b00000, 0x0000000087c00000|  0%| F|  |TAMS 0x0000000087b00000| PB 0x0000000087b00000| Untracked |  0
|  60|0x0000000087c00000, 0x0000000087c00000, 0x0000000087d00000|  0%| F|  |TAMS 0x0000000087c00000| PB 0x0000000087c00000| Untracked |  0
|  61|0x0000000087d00000, 0x0000000087d00000, 0x0000000087e00000|  0%| F|  |TAMS 0x0000000087d00000| PB 0x0000000087d00000| Untracked |  0
|  62|0x0000000087e00000, 0x0000000087e00000, 0x0000000087f00000|  0%| F|  |TAMS 0x0000000087e00000| PB 0x0000000087e00000| Untracked |  0
|  63|0x0000000087f00000, 0x0000000087f00000, 0x0000000088000000|  0%| F|  |TAMS 0x0000000087f00000| PB 0x0000000087f00000| Untracked |  0
|  64|0x0000000088000000, 0x0000000088000000, 0x0000000088100000|  0%| F|  |TAMS 0x0000000088000000| PB 0x0000000088000000| Untracked |  0
|  65|0x0000000088100000, 0x0000000088100000, 0x0000000088200000|  0%| F|  |TAMS 0x0000000088100000| PB 0x0000000088100000| Untracked |  0
|  66|0x0000000088200000, 0x0000000088200000, 0x0000000088300000|  0%| F|  |TAMS 0x0000000088200000| PB 0x0000000088200000| Untracked |  0
|  67|0x0000000088300000, 0x0000000088300000, 0x0000000088400000|  0%| F|  |TAMS 0x0000000088300000| PB 0x0000000088300000| Untracked |  0
|  68|0x0000000088400000, 0x0000000088400000, 0x0000000088500000|  0%| F|  |TAMS 0x0000000088400000| PB 0x0000000088400000| Untracked |  0
|  69|0x0000000088500000, 0x0000000088500000, 0x0000000088600000|  0%| F|  |TAMS 0x0000000088500000| PB 0x0000000088500000| Untracked |  0
|  70|0x0000000088600000, 0x0000000088600000, 0x0000000088700000|  0%| F|  |TAMS 0x0000000088600000| PB 0x0000000088600000| Untracked |  0
|  71|0x0000000088700000, 0x0000000088700000, 0x0000000088800000|  0%| F|  |TAMS 0x0000000088700000| PB 0x0000000088700000| Untracked |  0
|  72|0x0000000088800000, 0x0000000088800000, 0x0000000088900000|  0%| F|  |TAMS 0x0000000088800000| PB 0x0000000088800000| Untracked |  0
|  73|0x0000000088900000, 0x0000000088900000, 0x0000000088a00000|  0%| F|  |TAMS 0x0000000088900000| PB 0x0000000088900000| Untracked |  0
|  74|0x0000000088a00000, 0x0000000088a00000, 0x0000000088b00000|  0%| F|  |TAMS 0x0000000088a00000| PB 0x0000000088a00000| Untracked |  0
|  75|0x0000000088b00000, 0x0000000088b00000, 0x0000000088c00000|  0%| F|  |TAMS 0x0000000088b00000| PB 0x0000000088b00000| Untracked |  0
|  76|0x0000000088c00000, 0x0000000088c00000, 0x0000000088d00000|  0%| F|  |TAMS 0x0000000088c00000| PB 0x0000000088c00000| Untracked |  0
|  77|0x0000000088d00000, 0x0000000088d00000, 0x0000000088e00000|  0%| F|  |TAMS 0x0000000088d00000| PB 0x0000000088d00000| Untracked |  0
|  78|0x0000000088e00000, 0x0000000088e00000, 0x0000000088f00000|  0%| F|  |TAMS 0x0000000088e00000| PB 0x0000000088e00000| Untracked |  0
|  79|0x0000000088f00000, 0x0000000088f00000, 0x0000000089000000|  0%| F|  |TAMS 0x0000000088f00000| PB 0x0000000088f00000| Untracked |  0
|  80|0x0000000089000000, 0x0000000089000000, 0x0000000089100000|  0%| F|  |TAMS 0x0000000089000000| PB 0x0000000089000000| Untracked |  0
|  81|0x0000000089100000, 0x0000000089100000, 0x0000000089200000|  0%| F|  |TAMS 0x0000000089100000| PB 0x0000000089100000| Untracked |  0
|  82|0x0000000089200000, 0x0000000089300000, 0x0000000089300000|100%| E|  |TAMS 0x0000000089200000| PB 0x0000000089200000| Complete |  0
|  83|0x0000000089300000, 0x0000000089400000, 0x0000000089400000|100%| E|CS|TAMS 0x0000000089300000| PB 0x0000000089300000| Complete |  0
|  84|0x0000000089400000, 0x0000000089500000, 0x0000000089500000|100%| E|CS|TAMS 0x0000000089400000| PB 0x0000000089400000| Complete |  0
|  85|0x0000000089500000, 0x0000000089600000, 0x0000000089600000|100%| E|CS|TAMS 0x0000000089500000| PB 0x0000000089500000| Complete |  0
|  86|0x0000000089600000, 0x0000000089700000, 0x0000000089700000|100%| E|CS|TAMS 0x0000000089600000| PB 0x0000000089600000| Complete |  0
|  87|0x0000000089700000, 0x0000000089800000, 0x0000000089800000|100%| E|CS|TAMS 0x0000000089700000| PB 0x0000000089700000| Complete |  0
|  88|0x0000000089800000, 0x0000000089900000, 0x0000000089900000|100%| E|CS|TAMS 0x0000000089800000| PB 0x0000000089800000| Complete |  0
|  89|0x0000000089900000, 0x0000000089a00000, 0x0000000089a00000|100%| E|CS|TAMS 0x0000000089900000| PB 0x0000000089900000| Complete |  0
|  90|0x0000000089a00000, 0x0000000089b00000, 0x0000000089b00000|100%| E|CS|TAMS 0x0000000089a00000| PB 0x0000000089a00000| Complete |  0
|  91|0x0000000089b00000, 0x0000000089c00000, 0x0000000089c00000|100%| E|CS|TAMS 0x0000000089b00000| PB 0x0000000089b00000| Complete |  0
|  92|0x0000000089c00000, 0x0000000089d00000, 0x0000000089d00000|100%| E|CS|TAMS 0x0000000089c00000| PB 0x0000000089c00000| Complete |  0
|  93|0x0000000089d00000, 0x0000000089e00000, 0x0000000089e00000|100%| E|CS|TAMS 0x0000000089d00000| PB 0x0000000089d00000| Complete |  0
|  94|0x0000000089e00000, 0x0000000089f00000, 0x0000000089f00000|100%| E|CS|TAMS 0x0000000089e00000| PB 0x0000000089e00000| Complete |  0
|  95|0x0000000089f00000, 0x000000008a000000, 0x000000008a000000|100%| E|CS|TAMS 0x0000000089f00000| PB 0x0000000089f00000| Complete |  0
|  96|0x000000008a000000, 0x000000008a100000, 0x000000008a100000|100%| E|CS|TAMS 0x000000008a000000| PB 0x000000008a000000| Complete |  0
|  97|0x000000008a100000, 0x000000008a200000, 0x000000008a200000|100%| E|CS|TAMS 0x000000008a100000| PB 0x000000008a100000| Complete |  0
|  98|0x000000008a200000, 0x000000008a300000, 0x000000008a300000|100%| E|CS|TAMS 0x000000008a200000| PB 0x000000008a200000| Complete |  0
|  99|0x000000008a300000, 0x000000008a400000, 0x000000008a400000|100%| E|CS|TAMS 0x000000008a300000| PB 0x000000008a300000| Complete |  0
| 100|0x000000008a400000, 0x000000008a500000, 0x000000008a500000|100%| E|CS|TAMS 0x000000008a400000| PB 0x000000008a400000| Complete |  0
| 101|0x000000008a500000, 0x000000008a600000, 0x000000008a600000|100%| E|CS|TAMS 0x000000008a500000| PB 0x000000008a500000| Complete |  0
| 102|0x000000008a600000, 0x000000008a700000, 0x000000008a700000|100%| E|CS|TAMS 0x000000008a600000| PB 0x000000008a600000| Complete |  0
| 103|0x000000008a700000, 0x000000008a800000, 0x000000008a800000|100%| E|CS|TAMS 0x000000008a700000| PB 0x000000008a700000| Complete |  0
| 104|0x000000008a800000, 0x000000008a900000, 0x000000008a900000|100%| E|CS|TAMS 0x000000008a800000| PB 0x000000008a800000| Complete |  0
| 105|0x000000008a900000, 0x000000008aa00000, 0x000000008aa00000|100%| E|CS|TAMS 0x000000008a900000| PB 0x000000008a900000| Complete |  0
| 106|0x000000008aa00000, 0x000000008ab00000, 0x000000008ab00000|100%| E|CS|TAMS 0x000000008aa00000| PB 0x000000008aa00000| Complete |  0
| 107|0x000000008ab00000, 0x000000008ac00000, 0x000000008ac00000|100%| E|CS|TAMS 0x000000008ab00000| PB 0x000000008ab00000| Complete |  0
| 108|0x000000008ac00000, 0x000000008ad00000, 0x000000008ad00000|100%| E|CS|TAMS 0x000000008ac00000| PB 0x000000008ac00000| Complete |  0
| 109|0x000000008ad00000, 0x000000008ae00000, 0x000000008ae00000|100%| E|CS|TAMS 0x000000008ad00000| PB 0x000000008ad00000| Complete |  0
| 110|0x000000008ae00000, 0x000000008af00000, 0x000000008af00000|100%| E|CS|TAMS 0x000000008ae00000| PB 0x000000008ae00000| Complete |  0
| 111|0x000000008af00000, 0x000000008b000000, 0x000000008b000000|100%| E|CS|TAMS 0x000000008af00000| PB 0x000000008af00000| Complete |  0
| 112|0x000000008b000000, 0x000000008b100000, 0x000000008b100000|100%| E|CS|TAMS 0x000000008b000000| PB 0x000000008b000000| Complete |  0
| 113|0x000000008b100000, 0x000000008b200000, 0x000000008b200000|100%| E|CS|TAMS 0x000000008b100000| PB 0x000000008b100000| Complete |  0
| 114|0x000000008b200000, 0x000000008b300000, 0x000000008b300000|100%| E|CS|TAMS 0x000000008b200000| PB 0x000000008b200000| Complete |  0
| 115|0x000000008b300000, 0x000000008b400000, 0x000000008b400000|100%| E|CS|TAMS 0x000000008b300000| PB 0x000000008b300000| Complete |  0
| 116|0x000000008b400000, 0x000000008b500000, 0x000000008b500000|100%| E|CS|TAMS 0x000000008b400000| PB 0x000000008b400000| Complete |  0
| 117|0x000000008b500000, 0x000000008b600000, 0x000000008b600000|100%| E|CS|TAMS 0x000000008b500000| PB 0x000000008b500000| Complete |  0
| 118|0x000000008b600000, 0x000000008b700000, 0x000000008b700000|100%| E|CS|TAMS 0x000000008b600000| PB 0x000000008b600000| Complete |  0
| 119|0x000000008b700000, 0x000000008b800000, 0x000000008b800000|100%| E|CS|TAMS 0x000000008b700000| PB 0x000000008b700000| Complete |  0
| 120|0x000000008b800000, 0x000000008b900000, 0x000000008b900000|100%| E|CS|TAMS 0x000000008b800000| PB 0x000000008b800000| Complete |  0
| 121|0x000000008b900000, 0x000000008ba00000, 0x000000008ba00000|100%| E|CS|TAMS 0x000000008b900000| PB 0x000000008b900000| Complete |  0
| 122|0x000000008ba00000, 0x000000008bb00000, 0x000000008bb00000|100%| E|CS|TAMS 0x000000008ba00000| PB 0x000000008ba00000| Complete |  0
| 123|0x000000008bb00000, 0x000000008bc00000, 0x000000008bc00000|100%| E|CS|TAMS 0x000000008bb00000| PB 0x000000008bb00000| Complete |  0
|1982|0x00000000ffe00000, 0x00000000fff00000, 0x00000000fff00000|100%| O|  |TAMS 0x00000000ffe00000| PB 0x00000000ffe00000| Untracked |  0
|1983|0x00000000fff00000, 0x00000000fff1c2f8, 0x0000000100000000| 11%| O|  |TAMS 0x00000000fff00000| PB 0x00000000fff00000| Untracked |  0

Card table byte_map: [0x000001d959530000,0x000001d959910000] _byte_map_base: 0x000001d959110000

Marking Bits: (CMBitMap*) 0x000001d93f555a60
 Bits: [0x000001d959910000, 0x000001d95b810000)

Polling page: 0x000001d93f2a0000

Metaspace:

Usage:
  Non-class:     16.54 MB used.
      Class:      1.67 MB used.
       Both:     18.21 MB used.

Virtual space:
  Non-class space:       64.00 MB reserved,      16.75 MB ( 26%) committed,  1 nodes.
      Class space:        1.00 GB reserved,       1.75 MB ( <1%) committed,  1 nodes.
             Both:        1.06 GB reserved,      18.50 MB (  2%) committed. 

Chunk freelists:
   Non-Class:  14.98 MB
       Class:  14.14 MB
        Both:  29.12 MB

MaxMetaspaceSize: unlimited
CompressedClassSpaceSize: 1.00 GB
Initial GC threshold: 21.00 MB
Current GC threshold: 21.00 MB
CDS: on
 - commit_granule_bytes: 65536.
 - commit_granule_words: 8192.
 - virtual_space_node_default_size: 8388608.
 - enlarge_chunks_in_place: 1.
UseCompressedClassPointers 1, UseCompactObjectHeaders 0
Narrow klass pointer bits 32, Max shift 3
Narrow klass base: 0x000001d95f000000, Narrow klass shift: 0
Encoding Range: [0x000001d95f000000 - 0x000001da5f000000), (4294967296 bytes)
Klass Range:    [0x000001d95f000000 - 0x000001d9a0000000), (1090519040 bytes)
Klass ID Range:  [8 - 1090519033) (1090519025)


Internal statistics:

num_allocs_failed_limit: 0.
num_arena_births: 212.
num_arena_deaths: 0.
num_vsnodes_births: 2.
num_vsnodes_deaths: 0.
num_space_committed: 296.
num_space_uncommitted: 0.
num_chunks_returned_to_freelist: 0.
num_chunks_taken_from_freelist: 490.
num_chunk_merges: 0.
num_chunk_splits: 338.
num_chunks_enlarged: 248.
num_inconsistent_stats: 0.

CodeHeap 'non-profiled nmethods': size=120064Kb used=747Kb max_used=747Kb free=119316Kb
 bounds [0x000001d9511a0000, 0x000001d951410000, 0x000001d9586e0000]
CodeHeap 'profiled nmethods': size=120000Kb used=4437Kb max_used=4437Kb free=115562Kb
 bounds [0x000001d9496e0000, 0x000001d949b40000, 0x000001d950c10000]
CodeHeap 'non-nmethods': size=5696Kb used=1737Kb max_used=1751Kb free=3958Kb
 bounds [0x000001d950c10000, 0x000001d950e80000, 0x000001d9511a0000]
CodeCache: size=245760Kb, used=6921Kb, max_used=6935Kb, free=238836Kb
 total_blobs=3545, nmethods=2811, adapters=638, full_count=0
Compilation: enabled, stopped_count=0, restarted_count=0

Compilation events (20 events):
Event: 80.997 Thread 0x000001d95dfe86c0 2776       3       sun.swing.ImageCache::getEntry (148 bytes)
Event: 81.000 Thread 0x000001d95dfe86c0 nmethod 2776 0x000001d949b2a088 code [0x000001d949b2a360, 0x000001d949b2b768]
Event: 81.000 Thread 0x000001d95dfe86c0 2778       3       sun.java2d.SunGraphics2D::setPaint (164 bytes)
Event: 81.001 Thread 0x000001d95dfe86c0 nmethod 2778 0x000001d949b2b808 code [0x000001d949b2b9c0, 0x000001d949b2c4a0]
Event: 81.001 Thread 0x000001d95dfe86c0 2777       3       java.util.LinkedList::addFirst (6 bytes)
Event: 81.001 Thread 0x000001d95dfe86c0 nmethod 2777 0x000001d949b2c508 code [0x000001d949b2c620, 0x000001d949b2c750]
Event: 81.022 Thread 0x000001d95dfe86c0 2779       3       javax.swing.DefaultButtonModel::isArmed (15 bytes)
Event: 81.023 Thread 0x000001d95dfe86c0 nmethod 2779 0x000001d949b2c808 code [0x000001d949b2c920, 0x000001d949b2ca78]
Event: 81.023 Thread 0x000001d95dfe86c0 2780       3       java.util.AbstractList::equals (117 bytes)
Event: 81.024 Thread 0x000001d95dfe86c0 nmethod 2780 0x000001d949b2cb08 code [0x000001d949b2cd00, 0x000001d949b2d9b0]
Event: 85.552 Thread 0x000001d95dfe86c0 2781       3       java.awt.image.DirectColorModel::getRedMask (7 bytes)
Event: 85.552 Thread 0x000001d95dfe86c0 nmethod 2781 0x000001d949b2da08 code [0x000001d949b2db20, 0x000001d949b2dc58]
Event: 883.490 Thread 0x000001d95dfe86c0 2782       3       java.util.HashMap::newHashMap (44 bytes)
Event: 883.491 Thread 0x000001d95dfe86c0 nmethod 2782 0x000001d949b2dd08 code [0x000001d949b2df20, 0x000001d949b2e978]
Event: 883.491 Thread 0x000001d95dfe86c0 2783       3       java.awt.Color::equals (27 bytes)
Event: 883.491 Thread 0x000001d95dfe86c0 nmethod 2783 0x000001d949b2ea08 code [0x000001d949b2eb20, 0x000001d949b2ef80]
Event: 883.567 Thread 0x000001d95dfe7f30 2784       4       java.util.HashMap::hash (20 bytes)
Event: 883.567 Thread 0x000001d95dfe86c0 2785   !   3       java.awt.Toolkit::setDesktopProperty (81 bytes)
Event: 883.568 Thread 0x000001d95dfe86c0 nmethod 2785 0x000001d949b2f008 code [0x000001d949b2f1a0, 0x000001d949b2fa98]
Event: 883.569 Thread 0x000001d95dfe7f30 nmethod 2784 0x000001d951259b88 code [0x000001d951259c80, 0x000001d951259d68]

GC Heap History (0 events):
No events

Dll operation events (9 events):
Event: 0.014 Loaded shared library C:\Program Files\Apache NetBeans\jdk\bin\java.dll
Event: 0.065 Loaded shared library C:\Program Files\Apache NetBeans\jdk\bin\jsvml.dll
Event: 0.115 Loaded shared library C:\Program Files\Apache NetBeans\jdk\bin\jimage.dll
Event: 0.122 Loaded shared library C:\Program Files\Apache NetBeans\jdk\bin\net.dll
Event: 0.125 Loaded shared library C:\Program Files\Apache NetBeans\jdk\bin\nio.dll
Event: 0.136 Loaded shared library C:\Program Files\Apache NetBeans\jdk\bin\zip.dll
Event: 0.170 Loaded shared library C:\Program Files\Apache NetBeans\jdk\bin\awt.dll
Event: 0.491 Loaded shared library C:\Program Files\Apache NetBeans\jdk\bin\freetype.dll
Event: 0.493 Loaded shared library C:\Program Files\Apache NetBeans\jdk\bin\fontmanager.dll

Deoptimization events (20 events):
Event: 28.615 Thread 0x000001d95e706670 Uncommon trap: trap_request=0xffffffde fr.pc=0x000001d9511cc254 relative=0x00000000000001d4
Event: 28.615 Thread 0x000001d95e706670 Uncommon trap: reason=class_check action=maybe_recompile pc=0x000001d9511cc254 method=java.lang.String.equals(Ljava/lang/Object;)Z @ 8 c2
Event: 28.615 Thread 0x000001d95e706670 DEOPT PACKING pc=0x000001d9511cc254 sp=0x0000003fd9ffd150
Event: 28.615 Thread 0x000001d95e706670 DEOPT UNPACKING pc=0x000001d950d35902 sp=0x0000003fd9ffd0d8 mode 2
Event: 65.711 Thread 0x000001d95e706670 Uncommon trap: trap_request=0xffffff4d fr.pc=0x000001d9512560a8 relative=0x0000000000000b68
Event: 65.711 Thread 0x000001d95e706670 Uncommon trap: reason=unstable_if action=reinterpret pc=0x000001d9512560a8 method=java.awt.Font.equals(Ljava/lang/Object;)Z @ 2 c2
Event: 65.711 Thread 0x000001d95e706670 DEOPT PACKING pc=0x000001d9512560a8 sp=0x0000003fd9ffd210
Event: 65.711 Thread 0x000001d95e706670 DEOPT UNPACKING pc=0x000001d950d35902 sp=0x0000003fd9ffd018 mode 2
Event: 66.577 Thread 0x000001d95e706670 Uncommon trap: trap_request=0xffffff6e fr.pc=0x000001d951200970 relative=0x0000000000000450
Event: 66.577 Thread 0x000001d95e706670 Uncommon trap: reason=loop_limit_check action=maybe_recompile pc=0x000001d951200970 method=java.lang.StringLatin1.indexOf([BI[BII)I @ 37 c2
Event: 66.577 Thread 0x000001d95e706670 DEOPT PACKING pc=0x000001d951200970 sp=0x0000003fd9ffca30
Event: 66.577 Thread 0x000001d95e706670 DEOPT UNPACKING pc=0x000001d950d35902 sp=0x0000003fd9ffc9b8 mode 2
Event: 66.618 Thread 0x000001d95e706670 Uncommon trap: trap_request=0xffffffc6 fr.pc=0x000001d951230058 relative=0x0000000000000538
Event: 66.618 Thread 0x000001d95e706670 Uncommon trap: reason=bimorphic_or_optimized_type_check action=maybe_recompile pc=0x000001d951230058 method=java.lang.invoke.VarHandleGuards.guard_LI_I(Ljava/lang/invoke/VarHandle;Ljava/lang/Object;ILjava/lang/invoke/VarHandle$AccessDescriptor;)I @ 2 c2
Event: 66.618 Thread 0x000001d95e706670 DEOPT PACKING pc=0x000001d951230058 sp=0x0000003fd9ffd0b0
Event: 66.618 Thread 0x000001d95e706670 DEOPT UNPACKING pc=0x000001d950d35902 sp=0x0000003fd9ffd058 mode 2
Event: 79.590 Thread 0x000001d95e706670 Uncommon trap: trap_request=0xffffffc6 fr.pc=0x000001d951230058 relative=0x0000000000000538
Event: 79.590 Thread 0x000001d95e706670 Uncommon trap: reason=bimorphic_or_optimized_type_check action=maybe_recompile pc=0x000001d951230058 method=java.lang.invoke.VarHandleGuards.guard_LI_I(Ljava/lang/invoke/VarHandle;Ljava/lang/Object;ILjava/lang/invoke/VarHandle$AccessDescriptor;)I @ 2 c2
Event: 79.590 Thread 0x000001d95e706670 DEOPT PACKING pc=0x000001d951230058 sp=0x0000003fd9ffbee0
Event: 79.590 Thread 0x000001d95e706670 DEOPT UNPACKING pc=0x000001d950d35902 sp=0x0000003fd9ffbe88 mode 2

Classes loaded (20 events):
Event: 66.648 Loading class sun/awt/image/BufImgSurfaceManager done
Event: 79.569 Loading class sun/awt/SunToolkit$1
Event: 79.569 Loading class sun/awt/SunToolkit$1 done
Event: 79.591 Loading class java/awt/Window$1DisposeAction
Event: 79.591 Loading class java/awt/Window$1DisposeAction done
Event: 883.725 Loading class java/awt/desktop/SystemSleepListener
Event: 883.725 Loading class java/awt/desktop/SystemEventListener
Event: 883.726 Loading class java/awt/desktop/SystemEventListener done
Event: 883.726 Loading class java/awt/desktop/SystemSleepListener done
Event: 1041.429 Loading class java/util/WeakHashMap$KeyIterator
Event: 1041.429 Loading class java/util/WeakHashMap$HashIterator
Event: 1041.429 Loading class java/util/WeakHashMap$HashIterator done
Event: 1041.429 Loading class java/util/WeakHashMap$KeyIterator done
Event: 1041.446 Loading class java/awt/IllegalComponentStateException
Event: 1041.447 Loading class java/awt/IllegalComponentStateException done
Event: 1041.453 Loading class java/lang/Throwable$WrappedPrintStream
Event: 1041.453 Loading class java/lang/Throwable$PrintStreamOrWriter
Event: 1041.453 Loading class java/lang/Throwable$PrintStreamOrWriter done
Event: 1041.453 Loading class java/lang/Throwable$WrappedPrintStream done
Event: 1041.455 Loading class java/lang/StackTraceElement$HashedModules

Classes unloaded (0 events):
No events

Classes redefined (0 events):
No events

Internal exceptions (20 events):
Event: 0.517 Thread 0x000001d95e706670 Exception <a 'java/lang/NoSuchMethodError'{0x000000008b26af30}: 'long java.lang.invoke.DirectMethodHandle$Holder.invokeStatic(java.lang.Object, long, long)'> (0x000000008b26af30) 
thrown [s\src\hotspot\share\interpreter\linkResolver.cpp, line 805]
Event: 0.525 Thread 0x000001d95e706670 Exception <a 'java/lang/NoSuchMethodError'{0x000000008b2943e8}: 'java.lang.Object java.lang.invoke.DirectMethodHandle$Holder.newInvokeSpecial(java.lang.Object, int, java.lang.Object)'> (0x000000008b2943e8) 
thrown [s\src\hotspot\share\interpreter\linkResolver.cpp, line 805]
Event: 0.620 Thread 0x000001d95e706670 Exception <a 'java/lang/NoSuchMethodError'{0x000000008b130df8}: 'void java.lang.invoke.DelegatingMethodHandle$Holder.reinvoke_L(java.lang.Object, java.lang.Object, java.lang.Object, java.lang.Object, long, long, float)'> (0x000000008b130df8) 
thrown [s\src\hotspot\share\interpreter\linkResolver.cpp, line 805]
Event: 0.623 Thread 0x000001d95e706670 Exception <a 'java/lang/NoSuchMethodError'{0x000000008b151448}: 'java.lang.Object java.lang.invoke.DirectMethodHandle$Holder.invokeStatic(java.lang.Object, java.lang.Object, java.lang.Object, java.lang.Object, java.lang.Object, long)'> (0x000000008b151448) 
thrown [s\src\hotspot\share\interpreter\linkResolver.cpp, line 805]
Event: 0.628 Thread 0x000001d95e706670 Exception <a 'java/lang/NoSuchMethodError'{0x000000008b194e70}: 'float java.lang.invoke.DelegatingMethodHandle$Holder.reinvoke_L(java.lang.Object, java.lang.Object, java.lang.Object, java.lang.Object, long, long)'> (0x000000008b194e70) 
thrown [s\src\hotspot\share\interpreter\linkResolver.cpp, line 805]
Event: 8.821 Thread 0x000001d95e706670 Exception <a 'java/lang/NoSuchMethodError'{0x000000008a4e2148}: 'java.lang.Object java.lang.invoke.DirectMethodHandle$Holder.invokeStaticInit(java.lang.Object, java.lang.Object, java.lang.Object)'> (0x000000008a4e2148) 
thrown [s\src\hotspot\share\interpreter\linkResolver.cpp, line 805]
Event: 8.838 Thread 0x000001d95e706670 Exception <a 'java/lang/NoSuchMethodError'{0x000000008a355780}: 'long java.lang.invoke.DirectMethodHandle$Holder.invokeSpecial(java.lang.Object, java.lang.Object)'> (0x000000008a355780) 
thrown [s\src\hotspot\share\interpreter\linkResolver.cpp, line 805]
Event: 8.844 Thread 0x000001d95e706670 Exception <a 'java/lang/NoSuchMethodError'{0x000000008a391ed0}: 'long java.lang.invoke.DirectMethodHandle$Holder.invokeInterface(java.lang.Object, java.lang.Object)'> (0x000000008a391ed0) 
thrown [s\src\hotspot\share\interpreter\linkResolver.cpp, line 805]
Event: 8.845 Thread 0x000001d95e706670 Exception <a 'java/lang/IncompatibleClassChangeError'{0x000000008a399e00}: Found class java.lang.Object, but interface was expected> (0x000000008a399e00) 
thrown [s\src\hotspot\share\interpreter\linkResolver.cpp, line 872]
Event: 8.989 Thread 0x000001d95e706670 Exception <a 'java/lang/NoSuchMethodError'{0x0000000089d5aa08}: 'void java.lang.invoke.DirectMethodHandle$Holder.invokeVirtual(java.lang.Object, java.lang.Object, int)'> (0x0000000089d5aa08) 
thrown [s\src\hotspot\share\interpreter\linkResolver.cpp, line 805]
Event: 8.990 Thread 0x000001d95e706670 Exception <a 'java/lang/NoSuchMethodError'{0x0000000089d73718}: 'java.lang.Object java.lang.invoke.DirectMethodHandle$Holder.invokeStatic(java.lang.Object, java.lang.Object, java.lang.Object, java.lang.Object, int)'> (0x0000000089d73718) 
thrown [s\src\hotspot\share\interpreter\linkResolver.cpp, line 805]
Event: 8.992 Thread 0x000001d95e706670 Exception <a 'java/lang/NoSuchMethodError'{0x0000000089d8c850}: 'void java.lang.invoke.DelegatingMethodHandle$Holder.reinvoke_L(java.lang.Object, java.lang.Object, int)'> (0x0000000089d8c850) 
thrown [s\src\hotspot\share\interpreter\linkResolver.cpp, line 805]
Event: 8.993 Thread 0x000001d95e706670 Exception <a 'java/lang/NoSuchMethodError'{0x0000000089d9d5f0}: 'int java.lang.invoke.DirectMethodHandle$Holder.invokeSpecial(java.lang.Object, java.lang.Object, java.lang.Object)'> (0x0000000089d9d5f0) 
thrown [s\src\hotspot\share\interpreter\linkResolver.cpp, line 805]
Event: 9.104 Thread 0x000001d95e706670 Exception <a 'java/lang/NoSuchMethodError'{0x0000000089c83108}: 'void java.lang.invoke.DirectMethodHandle$Holder.invokeVirtual(java.lang.Object, java.lang.Object, double)'> (0x0000000089c83108) 
thrown [s\src\hotspot\share\interpreter\linkResolver.cpp, line 805]
Event: 9.107 Thread 0x000001d95e706670 Exception <a 'java/lang/NoSuchMethodError'{0x0000000089c9b5f0}: 'double java.lang.invoke.DelegatingMethodHandle$Holder.reinvoke_L(java.lang.Object, java.lang.Object, int)'> (0x0000000089c9b5f0) 
thrown [s\src\hotspot\share\interpreter\linkResolver.cpp, line 805]
Event: 9.109 Thread 0x000001d95e706670 Exception <a 'java/lang/NoSuchMethodError'{0x0000000089cb3a70}: 'void java.lang.invoke.DelegatingMethodHandle$Holder.reinvoke_L(java.lang.Object, java.lang.Object, double)'> (0x0000000089cb3a70) 
thrown [s\src\hotspot\share\interpreter\linkResolver.cpp, line 805]
Event: 9.116 Thread 0x000001d95e706670 Exception <a 'java/lang/NoSuchMethodError'{0x0000000089cee420}: 'void java.lang.invoke.Invokers$Holder.invokeExact_MT(java.lang.Object, java.lang.Object, java.lang.Object, java.lang.Object)'> (0x0000000089cee420) 
thrown [s\src\hotspot\share\interpreter\linkResolver.cpp, line 805]
Event: 9.285 Thread 0x000001d95e706670 Exception <a 'java/lang/NoSuchMethodError'{0x00000000899a09c0}: 'java.lang.Object java.lang.invoke.DirectMethodHandle$Holder.invokeStaticInit(java.lang.Object, int, int, int, int)'> (0x00000000899a09c0) 
thrown [s\src\hotspot\share\interpreter\linkResolver.cpp, line 805]
Event: 9.315 Thread 0x000001d95e706670 Exception <a 'java/lang/NoSuchMethodError'{0x000000008986c8a0}: 'java.lang.Object java.lang.invoke.DirectMethodHandle$Holder.invokeStaticInit(java.lang.Object, java.lang.Object, int, int, int, int)'> (0x000000008986c8a0) 
thrown [s\src\hotspot\share\interpreter\linkResolver.cpp, line 805]
Event: 9.487 Thread 0x000001d95e706670 Exception <a 'java/lang/NoSuchMethodError'{0x000000008968cb18}: 'int java.lang.invoke.DirectMethodHandle$Holder.invokeStatic(java.lang.Object)'> (0x000000008968cb18) 
thrown [s\src\hotspot\share\interpreter\linkResolver.cpp, line 805]

VM Operations (20 events):
Event: 9.391 Executing VM operation: HandshakeAllThreads (Deoptimize)
Event: 9.392 Executing VM operation: HandshakeAllThreads (Deoptimize) done
Event: 9.412 Executing VM operation: HandshakeAllThreads (Deoptimize)
Event: 9.412 Executing VM operation: HandshakeAllThreads (Deoptimize) done
Event: 60.141 Executing VM operation: HandshakeAllThreads (HandshakeForDeflation)
Event: 60.141 Executing VM operation: HandshakeAllThreads (HandshakeForDeflation) done
Event: 60.141 Executing VM operation: RendezvousGCThreads
Event: 60.141 Executing VM operation: RendezvousGCThreads done
Event: 66.561 Executing VM operation: HandshakeAllThreads (Deoptimize)
Event: 66.561 Executing VM operation: HandshakeAllThreads (Deoptimize) done
Event: 66.649 Executing VM operation: HandshakeAllThreads (Deoptimize)
Event: 66.649 Executing VM operation: HandshakeAllThreads (Deoptimize) done
Event: 120.146 Executing VM operation: HandshakeAllThreads (HandshakeForDeflation)
Event: 120.146 Executing VM operation: HandshakeAllThreads (HandshakeForDeflation) done
Event: 120.146 Executing VM operation: RendezvousGCThreads
Event: 120.146 Executing VM operation: RendezvousGCThreads done
Event: 1039.349 Executing VM operation: HandshakeAllThreads (HandshakeForDeflation)
Event: 1039.349 Executing VM operation: HandshakeAllThreads (HandshakeForDeflation) done
Event: 1039.349 Executing VM operation: RendezvousGCThreads
Event: 1039.349 Executing VM operation: RendezvousGCThreads done

Memory protections (0 events):
No events

Nmethod flushes (0 events):
No events

Events (20 events):
Event: 0.061 Thread 0x000001d93f164fa0 Thread added: 0x000001d95dfd1b90
Event: 0.062 Thread 0x000001d93f164fa0 Thread added: 0x000001d95dfdd540
Event: 0.062 Thread 0x000001d93f164fa0 Thread added: 0x000001d95dfe04d0
Event: 0.062 Thread 0x000001d93f164fa0 Thread added: 0x000001d95dfdfd80
Event: 0.062 Thread 0x000001d93f164fa0 Thread added: 0x000001d95dfe1370
Event: 0.062 Thread 0x000001d93f164fa0 Thread added: 0x000001d95dfe7f30
Event: 0.062 Thread 0x000001d93f164fa0 Thread added: 0x000001d95dfe86c0
Event: 0.083 Thread 0x000001d93f164fa0 Thread added: 0x000001d95dfdeee0
Event: 0.086 Thread 0x000001d93f164fa0 Thread added: 0x000001d95dfe0c20
Event: 0.227 Thread 0x000001d93f164fa0 Thread added: 0x000001d95dfde790
Event: 0.228 Thread 0x000001d93f164fa0 Thread added: 0x000001d95dfde040
Event: 0.228 Thread 0x000001d93f164fa0 Thread added: 0x000001d95dfdf630
Event: 0.240 Thread 0x000001d93f164fa0 Thread added: 0x000001d95e706670
Event: 0.240 Thread 0x000001d93f164fa0 Thread exited: 0x000001d93f164fa0
Event: 0.240 Thread 0x000001d95e707510 Thread added: 0x000001d95e707510
Event: 8.896 Thread 0x000001d95dfe86c0 Thread added: 0x000001d9a467d8b0
Event: 9.550 Thread 0x000001d95e706670 Thread added: 0x000001d95e7057d0
Event: 10.053 Thread 0x000001d9a467d8b0 Thread exited: 0x000001d9a467d8b0
Event: 66.567 Thread 0x000001d95e706670 Thread added: 0x000001d95e7083b0
Event: 71.573 Thread 0x000001d95e7083b0 Thread exited: 0x000001d95e7083b0


Dynamic libraries:
0x00007ff68bf00000 - 0x00007ff68bf0e000 	C:\Program Files\Apache NetBeans\jdk\bin\java.exe
0x00007ffe7aa60000 - 0x00007ffe7acc8000 	C:\WINDOWS\SYSTEM32\ntdll.dll
0x00007ffe79a10000 - 0x00007ffe79ad9000 	C:\WINDOWS\System32\KERNEL32.DLL
0x00007ffe77fe0000 - 0x00007ffe783cd000 	C:\WINDOWS\System32\KERNELBASE.dll
0x00007ffe77c80000 - 0x00007ffe77dcb000 	C:\WINDOWS\System32\ucrtbase.dll
0x00007ffe4fe70000 - 0x00007ffe4fe8e000 	C:\Program Files\Apache NetBeans\jdk\bin\VCRUNTIME140.dll
0x00007ffe49260000 - 0x00007ffe49276000 	C:\Program Files\Apache NetBeans\jdk\bin\jli.dll
0x00007ffe79250000 - 0x00007ffe7941c000 	C:\WINDOWS\System32\USER32.dll
0x00007ffe77c50000 - 0x00007ffe77c77000 	C:\WINDOWS\System32\win32u.dll
0x00007ffe65180000 - 0x00007ffe6541a000 	C:\WINDOWS\WinSxS\amd64_microsoft.windows.common-controls_6595b64144ccf1df_6.0.26100.4484_none_3e0e6d4ce32ef3b3\COMCTL32.dll
0x00007ffe78ba0000 - 0x00007ffe78bcb000 	C:\WINDOWS\System32\GDI32.dll
0x00007ffe7a110000 - 0x00007ffe7a1b9000 	C:\WINDOWS\System32\msvcrt.dll
0x00007ffe786c0000 - 0x00007ffe787f7000 	C:\WINDOWS\System32\gdi32full.dll
0x00007ffe78490000 - 0x00007ffe78533000 	C:\WINDOWS\System32\msvcp_win.dll
0x00007ffe797b0000 - 0x00007ffe797df000 	C:\WINDOWS\System32\IMM32.DLL
0x00007ffe53550000 - 0x00007ffe5355c000 	C:\Program Files\Apache NetBeans\jdk\bin\vcruntime140_1.dll
0x00007ffe48710000 - 0x00007ffe4879d000 	C:\Program Files\Apache NetBeans\jdk\bin\msvcp140.dll
0x00007ffe214a0000 - 0x00007ffe2231c000 	C:\Program Files\Apache NetBeans\jdk\bin\server\jvm.dll
0x00007ffe79640000 - 0x00007ffe796f4000 	C:\WINDOWS\System32\ADVAPI32.dll
0x00007ffe79480000 - 0x00007ffe79526000 	C:\WINDOWS\System32\sechost.dll
0x00007ffe79ae0000 - 0x00007ffe79bf8000 	C:\WINDOWS\System32\RPCRT4.dll
0x00007ffe79530000 - 0x00007ffe795a4000 	C:\WINDOWS\System32\WS2_32.dll
0x00007ffe77a20000 - 0x00007ffe77a7e000 	C:\WINDOWS\SYSTEM32\POWRPROF.dll
0x00007ffe672e0000 - 0x00007ffe67315000 	C:\WINDOWS\SYSTEM32\WINMM.dll
0x00007ffe70ce0000 - 0x00007ffe70ceb000 	C:\WINDOWS\SYSTEM32\VERSION.dll
0x00007ffe779e0000 - 0x00007ffe779f4000 	C:\WINDOWS\SYSTEM32\UMPDC.dll
0x00007ffe76930000 - 0x00007ffe7694b000 	C:\WINDOWS\SYSTEM32\kernel.appcore.dll
0x00007ffe52bc0000 - 0x00007ffe52bca000 	C:\Program Files\Apache NetBeans\jdk\bin\jimage.dll
0x00007ffe753f0000 - 0x00007ffe75631000 	C:\WINDOWS\SYSTEM32\DBGHELP.DLL
0x00007ffe78810000 - 0x00007ffe78b96000 	C:\WINDOWS\System32\combase.dll
0x00007ffe79800000 - 0x00007ffe798e0000 	C:\WINDOWS\System32\OLEAUT32.dll
0x00007ffe65600000 - 0x00007ffe65643000 	C:\WINDOWS\SYSTEM32\dbgcore.DLL
0x00007ffe77bb0000 - 0x00007ffe77c49000 	C:\WINDOWS\System32\bcryptPrimitives.dll
0x00007ffe4fe50000 - 0x00007ffe4fe6e000 	C:\Program Files\Apache NetBeans\jdk\bin\java.dll
0x00007ffe79c00000 - 0x00007ffe79d9e000 	C:\WINDOWS\System32\ole32.dll
0x00007ffe7a1d0000 - 0x00007ffe7a91a000 	C:\WINDOWS\System32\SHELL32.dll
0x00007ffe77dd0000 - 0x00007ffe77f44000 	C:\WINDOWS\System32\wintypes.dll
0x00007ffe757d0000 - 0x00007ffe7602b000 	C:\WINDOWS\SYSTEM32\windows.storage.dll
0x00007ffe79910000 - 0x00007ffe79a05000 	C:\WINDOWS\System32\SHCORE.dll
0x00007ffe79f20000 - 0x00007ffe79f8a000 	C:\WINDOWS\System32\shlwapi.dll
0x00007ffe77ac0000 - 0x00007ffe77aef000 	C:\WINDOWS\SYSTEM32\profapi.dll
0x00007ffe33330000 - 0x00007ffe33407000 	C:\Program Files\Apache NetBeans\jdk\bin\jsvml.dll
0x00007ffe4ffb0000 - 0x00007ffe4ffc0000 	C:\Program Files\Apache NetBeans\jdk\bin\net.dll
0x00007ffe76ee0000 - 0x00007ffe76f4a000 	C:\WINDOWS\system32\mswsock.dll
0x00007ffe48e70000 - 0x00007ffe48e86000 	C:\Program Files\Apache NetBeans\jdk\bin\nio.dll
0x00007ffe49240000 - 0x00007ffe49257000 	C:\Program Files\Apache NetBeans\jdk\bin\zip.dll
0x00007ffe31370000 - 0x00007ffe314ee000 	C:\Program Files\Apache NetBeans\jdk\bin\awt.dll
0x00007ffe746e0000 - 0x00007ffe7477e000 	C:\WINDOWS\SYSTEM32\apphelp.dll
0x00007ffe74880000 - 0x00007ffe7492f000 	C:\WINDOWS\system32\uxtheme.dll
0x00007ffe79db0000 - 0x00007ffe79f10000 	C:\WINDOWS\System32\MSCTF.dll
0x00007ffe74c60000 - 0x00007ffe74c96000 	C:\WINDOWS\system32\DWMAPI.DLL
0x00007ffe61140000 - 0x00007ffe61258000 	C:\WINDOWS\system32\opengl32.dll
0x00007ffe66760000 - 0x00007ffe6678d000 	C:\WINDOWS\SYSTEM32\GLU32.dll
0x00007ffe74c10000 - 0x00007ffe74c5d000 	C:\WINDOWS\SYSTEM32\dxcore.dll
0x00007ffe42320000 - 0x00007ffe423a7000 	C:\Program Files\Apache NetBeans\jdk\bin\freetype.dll
0x00007ffe33250000 - 0x00007ffe33329000 	C:\Program Files\Apache NetBeans\jdk\bin\fontmanager.dll
0x00007ffe4d5a0000 - 0x00007ffe4d6f0000 	C:\WINDOWS\SYSTEM32\textinputframework.dll
0x00007ffe74400000 - 0x00007ffe74525000 	C:\WINDOWS\SYSTEM32\CoreMessaging.dll
0x00007ffe70350000 - 0x00007ffe70633000 	C:\WINDOWS\SYSTEM32\CoreUIComponents.dll
0x00007ffe77190000 - 0x00007ffe7719c000 	C:\WINDOWS\SYSTEM32\CRYPTBASE.DLL
0x00007ffe771a0000 - 0x00007ffe771bb000 	C:\WINDOWS\SYSTEM32\CRYPTSP.dll
0x00007ffe76880000 - 0x00007ffe768bb000 	C:\WINDOWS\system32\rsaenh.dll
0x00007ffe76f80000 - 0x00007ffe76fab000 	C:\WINDOWS\SYSTEM32\USERENV.dll
0x00007ffe77a90000 - 0x00007ffe77ab6000 	C:\WINDOWS\SYSTEM32\bcrypt.dll
0x00007ffe76330000 - 0x00007ffe76363000 	C:\WINDOWS\SYSTEM32\IPHLPAPI.DLL
0x00007ffe7a1c0000 - 0x00007ffe7a1ca000 	C:\WINDOWS\System32\NSI.dll
0x00007ffe79700000 - 0x00007ffe797a8000 	C:\WINDOWS\System32\clbcatq.dll
0x00007ffe73000000 - 0x00007ffe7323b000 	C:\WINDOWS\SYSTEM32\WindowsCodecs.dll
0x00007ffe49100000 - 0x00007ffe4915a000 	C:\WINDOWS\system32\dataexchange.dll
0x00007ffe6a350000 - 0x00007ffe6a588000 	C:\WINDOWS\system32\twinapi.appcore.dll

JVMTI agents: none

dbghelp: loaded successfully - version: 4.0.5 - missing functions: none
symbol engine: initialized successfully - sym options: 0x614 - pdb path: .;C:\Program Files\Apache NetBeans\jdk\bin;C:\WINDOWS\SYSTEM32;C:\WINDOWS\WinSxS\amd64_microsoft.windows.common-controls_6595b64144ccf1df_6.0.26100.4484_none_3e0e6d4ce32ef3b3;C:\Program Files\Apache NetBeans\jdk\bin\server

VM Arguments:
java_command: br.com.escola.gui.TelaPrincipal
java_class_path (initial): C:\Users\55819\OneDrive\Documentos\NetBeansProjects\SistemaEscolar\target\classes;C:\Users\55819\.m2\repository\com\fasterxml\jackson\core\jackson-databind\2.17.2\jackson-databind-2.17.2.jar;C:\Users\55819\.m2\repository\com\fasterxml\jackson\core\jackson-core\2.17.2\jackson-core-2.17.2.jar;C:\Users\55819\.m2\repository\com\fasterxml\jackson\core\jackson-annotations\2.17.2\jackson-annotations-2.17.2.jar;C:\Users\55819\.m2\repository\com\fasterxml\jackson\datatype\jackson-datatype-jsr310\2.17.2\jackson-datatype-jsr310-2.17.2.jar;C:\Users\55819\.m2\repository\com\google\code\gson\gson\2.10.1\gson-2.10.1.jar;C:\Users\55819\.m2\repository\org\apache\pdfbox\pdfbox\2.0.29\pdfbox-2.0.29.jar;C:\Users\55819\.m2\repository\commons-logging\commons-logging\1.2\commons-logging-1.2.jar;C:\Users\55819\.m2\repository\org\apache\pdfbox\fontbox\2.0.29\fontbox-2.0.29.jar;C:\Users\55819\.m2\repository\org\apache\logging\log4j\log4j-api\2.20.0\log4j-api-2.20.0.jar;C:\Users\55819\.m2\repository\org\apache\logging\log4j\log4j-core\2.20.0\log4j-core-2.20.0.jar
Launcher Type: SUN_STANDARD

[Global flags]
     intx CICompilerCount                          = 4                                         {product} {ergonomic}
     uint ConcGCThreads                            = 2                                         {product} {ergonomic}
     uint G1ConcRefinementThreads                  = 8                                         {product} {ergonomic}
   size_t G1HeapRegionSize                         = 1048576                                   {product} {ergonomic}
   size_t InitialHeapSize                          = 130023424                                 {product} {ergonomic}
   size_t MarkStackSize                            = 4194304                                   {product} {ergonomic}
   size_t MarkStackSizeMax                         = 536870912                                 {product} {ergonomic}
   size_t MaxHeapSize                              = 2080374784                                {product} {ergonomic}
   size_t MaxNewSize                               = 1247805440                                {product} {ergonomic}
   size_t MinHeapDeltaBytes                        = 1048576                                   {product} {ergonomic}
   size_t MinHeapSize                              = 8388608                                   {product} {ergonomic}
    uintx NonNMethodCodeHeapSize                   = 5832704                                {pd product} {ergonomic}
    uintx NonProfiledCodeHeapSize                  = 122945536                              {pd product} {ergonomic}
    uintx ProfiledCodeHeapSize                     = 122880000                              {pd product} {ergonomic}
    uintx ReservedCodeCacheSize                    = 251658240                              {pd product} {ergonomic}
     bool SegmentedCodeCache                       = true                                      {product} {ergonomic}
   size_t SoftMaxHeapSize                          = 2080374784                             {manageable} {ergonomic}
     bool UseCompressedOops                        = true                           {product lp64_product} {ergonomic}
     bool UseG1GC                                  = true                                      {product} {ergonomic}
     bool UseLargePagesIndividualAllocation        = false                                  {pd product} {ergonomic}

Logging:
Log output configuration:
 #0: stdout all=warning uptime,level,tags foldmultilines=false
 #1: stderr all=off uptime,level,tags foldmultilines=false

Environment Variables:
JAVA_HOME=C:\Program Files\Apache NetBeans\jdk
PATH=C:\Program Files\Java\jdk-24\bin;C:\Program Files\Common Files\Oracle\Java\javapath;C:\Program Files\Python38\Scripts\;C:\Program Files\Python38\;C:\WINDOWS\system32;C:\WINDOWS;C:\WINDOWS\System32\Wbem;C:\WINDOWS\System32\WindowsPowerShell\v1.0\;C:\WINDOWS\System32\OpenSSH\;C:\Users\55819\.config\herd\bin\nvm;C:\Program Files\nodejs;C:\php-8.4.4-devel-vs17-x64;C:\Program Files\Git\cmd;C:\Program Files\NetBeans-25\netbeans\java\maven\bin;C:\Users\55819\.config\herd\bin;C:\Users\55819\AppData\Local\Microsoft\WindowsApps;C:\Users\55819\AppData\Local\Programs\Microsoft VS Code\bin;C:\iverilog\bin;C:\iverilog\gtkwave\bin;C:\php-8.4.4-devel-vs17-x64
USERNAME=55819
OS=Windows_NT
PROCESSOR_IDENTIFIER=Intel64 Family 6 Model 126 Stepping 5, GenuineIntel
TMP=C:\Users\55819\AppData\Local\Temp
TEMP=C:\Users\55819\AppData\Local\Temp




Periodic native trim disabled

---------------  S Y S T E M  ---------------

OS:
 Windows 11 , 64 bit Build 26100 (10.0.26100.4484)
OS uptime: 9 days 23:29 hours
Hyper-V role detected

CPU: total 8 (initial active 8) (4 cores per cpu, 2 threads per core) family 6 model 126 stepping 5 microcode 0xa6, cx8, cmov, fxsr, ht, mmx, 3dnowpref, sse, sse2, sse3, ssse3, sse4.1, sse4.2, popcnt, lzcnt, tsc, tscinvbit, avx, avx2, aes, erms, clmul, bmi1, bmi2, adx, avx512f, avx512dq, avx512cd, avx512bw, avx512vl, sha, fma, vzeroupper, avx512_vpopcntdq, avx512_vpclmulqdq, avx512_vaes, avx512_vnni, clflush, clflushopt, avx512_vbmi2, avx512_vbmi, hv, rdtscp, rdpid, fsrm, gfni, avx512_bitalg, f16c, avx512_ifma
Processor Information for the first 8 processors :
  Max Mhz: 1201, Current Mhz: 1201, Mhz Limit: 1201

Memory: 4k page, system-wide physical 7931M (1686M free)
TotalPageFile size 10235M (AvailPageFile size 2740M)
current process WorkingSet (physical memory assigned to process): 141M, peak: 141M
current process commit charge ("private bytes"): 249M, peak: 252M

vm_info: OpenJDK 64-Bit Server VM (24.0.1+9) for windows-amd64 JRE (24.0.1+9) (Zulu24.30+11-CA), built on 2025-03-21T13:52:34Z with MS VC++ 17.1 (VS2022)

END.
